记录时间：2017-10-17 23:10:59agent:mozilla/4.0 (compatible; msie 6.0; windows nt 5.1; sv1; tencenttraveler 4.0)访问链接：http://www.hhh.cool/
记录时间：2017-10-17 23:13:44agent:mozilla/4.0 (compatible; msie 6.0; windows nt 5.1; trident/4.0; .net clr 1.1.4322; .net clr 2.0.50727; tencenttraveler 4.0)访问链接：http://hhh.cool/
记录时间：2017-10-17 23:13:50agent:mozilla/4.0 (compatible; msie 7.0; windows nt 5.1; trident/4.0; .net clr 1.1.4322; .net clr 2.0.50727; tencenttraveler 4.0)访问链接：http://hhh.cool/
记录时间：2017-10-17 23:13:56agent:mozilla/4.0 (compatible; msie 6.0; windows nt 5.1; trident/4.0; .net clr 1.1.4322; .net clr 2.0.50727; tencenttraveler 4.0)访问链接：http://hhh.cool/
记录时间：2017-10-17 23:14:07agent:mozilla/4.0 (compatible; msie 7.0; windows nt 5.1; trident/4.0; .net clr 1.1.4322; .net clr 2.0.50727; .net clr 3.0.4506.2152; .net clr 3.5.30729; .net4.0c; .net4.0e; tencenttraveler 4.0)访问链接：http://hhh.cool/
记录时间：2017-10-17 23:14:23agent:mozilla/4.0 (compatible; msie 8.0; windows nt 5.1; trident/4.0; .net clr 1.1.4322; .net clr 2.0.50727; tencenttraveler 4.0)访问链接：http://hhh.cool/
记录时间：2017-10-17 23:14:40agent:mozilla/5.0 (compatible; msie 10.0; windows nt 6.1; trident/6.0; .net clr 1.1.4322; .net clr 2.0.50727; .net clr 3.0.4506.2152; .net clr 3.5.30729; .net4.0c; .net4.0e; tencenttraveler 4.0)访问链接：http://hhh.cool/
记录时间：2017-10-17 23:14:58agent:mozilla/5.0 (compatible; msie 10.0; windows nt 6.1; trident/6.0; .net clr 1.1.4322; .net clr 2.0.50727; .net clr 3.0.4506.2152; .net clr 3.5.30729; .net4.0c; .net4.0e; tencenttraveler 4.0)访问链接：http://hhh.cool/
记录时间：2017-10-17 23:14:59agent:mozilla/5.0 (compatible; msie 10.0; windows nt 6.1; trident/6.0; .net clr 1.1.4322; .net clr 2.0.50727; .net clr 3.0.4506.2152; .net clr 3.5.30729; .net4.0c; .net4.0e; tencenttraveler 4.0)访问链接：http://hhh.cool/
记录时间：2017-10-17 23:15:07agent:mozilla/4.0 (compatible; msie 6.0; windows nt 5.1; wow64; trident/4.0; slcc2; .net clr 2.0.50727; .net4.0c; .net4.0e; .net clr 3.5.30729; .net clr 3.0.30729; tencenttraveler 4.0)访问链接：http://hhh.cool/
记录时间：2017-10-17 23:15:26agent:mozilla/4.0 (compatible; msie 6.0; windows nt 5.1; wow64; trident/4.0; slcc2; .net clr 2.0.50727; .net4.0c; .net4.0e; .net clr 3.5.30729; .net clr 3.0.30729; tencenttraveler 4.0)访问链接：http://hhh.cool/
记录时间：2017-10-17 23:15:37agent:mozilla/4.0 (compatible; msie 8.0; windows nt 5.1; sv1; .net clr 2.0.50727; .net clr 3.0.04506.648; .net clr 3.5.21022; tencenttraveler 4.0)访问链接：http://hhh.cool/
记录时间：2017-10-17 23:15:45agent:mozilla/4.0 (compatible; msie 7.0; windows nt 5.1; trident/4.0; tencenttraveler 4.0)访问链接：http://hhh.cool/
记录时间：2017-10-17 23:16:01agent:mozilla/4.0 (compatible; msie 8.0; windows nt 5.1; sv1; .net clr 2.0.50727; .net clr 3.0.04506.648; .net clr 3.5.21022; tencenttraveler 4.0)访问链接：http://hhh.cool/
记录时间：2017-10-17 23:21:18agent:mozilla/4.0 (compatible; msie 6.0; windows nt 5.1; trident/4.0; .net clr 1.1.4322; .net clr 2.0.50727; tencenttraveler 4.0)访问链接：http://hhh.cool/
记录时间：2017-10-17 23:26:26agent:mozilla/4.0 (compatible; msie 8.0; windows nt 5.1; trident/4.0; .net clr 1.1.4322; .net clr 2.0.50727; .net clr 3.0.4506.2152; .net clr 3.5.30729; .net4.0c; .net4.0e; tencenttraveler 4.0)访问链接：http://hhh.cool/
记录时间：2017-10-17 23:28:49agent:mozilla/4.0 (compatible; msie 8.0; windows nt 6.1; wow64; trident/4.0; slcc2; .net clr 2.0.50727; tencenttraveler 4.0)访问链接：http://hhh.cool/
记录时间：2017-10-17 23:32:08agent:mozilla/4.0 (compatible; msie 8.0; windows nt 5.1; trident/4.0; slcc2; .net clr 2.0.50727; .net clr 3.5.30729; .net clr 3.0.30729; media center pc 6.0; .net4.0c; .net4.0e; tencenttraveler 4.0)访问链接：http://hhh.cool/
记录时间：2017-10-17 23:32:28agent:mozilla/4.0 (compatible; msie 8.0; windows nt 5.1; trident/4.0; slcc2; .net clr 2.0.50727; .net clr 3.5.30729; .net clr 3.0.30729; media center pc 6.0; .net4.0c; .net4.0e; tencenttraveler 4.0)访问链接：http://hhh.cool/
记录时间：2017-10-17 23:38:25agent:mozilla/4.0 (compatible; msie 8.0; windows nt 5.1; wow64; trident/4.0; slcc2; .net clr 2.0.50727; .net clr 3.5.30729; .net clr 3.0.30729; .net4.0c; .net4.0e; tencenttraveler 4.0)访问链接：http://hhh.cool/
记录时间：2017-10-17 23:42:52agent:mozilla/4.0 (compatible; msie 6.0; windows nt 5.1; wow64; trident/4.0; .net4.0c; .net4.0e; .net clr 2.0.50727; .net clr 3.0.30729; .net clr 3.5.30729; infopath.3; tencenttraveler 4.0)访问链接：http://hhh.cool/
记录时间：2017-10-17 23:46:59agent:mozilla/4.0 (compatible; msie 8.0; windows nt 5.1; wow64; trident/4.0; slcc2; .net clr 2.0.50727; .net clr 3.5.30729; .net clr 3.0.30729; .net4.0c; .net4.0e; tencenttraveler 4.0)访问链接：http://hhh.cool/
记录时间：2017-10-17 23:47:49agent:mozilla/4.0 (compatible; msie 8.0; windows nt 5.1; wow64; trident/4.0; slcc2; .net clr 2.0.50727; .net clr 3.5.30729; .net clr 3.0.30729; .net4.0c; .net4.0e; tencenttraveler 4.0)访问链接：http://hhh.cool/
记录时间：2017-10-17 23:49:25agent:mozilla/4.0 (compatible; msie 6.0; windows nt 5.1; wow64; trident/4.0; .net4.0e; .net4.0c; .net clr 3.5.30729; .net clr 2.0.50727; .net clr 3.0.30729; infopath.2; my toolbar; asktb5.6)访问链接：http://hhh.cool/
记录时间：2017-10-17 23:50:19agent:mozilla/4.0 (compatible; msie 6.0; windows nt 5.1; wow64; trident/4.0; .net4.0e; .net4.0c; .net clr 3.5.30729; .net clr 2.0.50727; .net clr 3.0.30729; infopath.2; my toolbar; asktb5.6)访问链接：http://www.hhh.cool/
记录时间：2017-10-18 00:06:29agent:mozilla/5.0 (windows; u; windows nt 5.1; en; rv:1.9.0.13) gecko/2009073022 firefox/3.5.2 (.net clr 3.5.30729) surveybot/2.3 (domaintools)访问链接：http://www.hhh.cool/
记录时间：2017-10-18 00:20:32agent:mozilla/5.0 (compatible; msie 11.0; windows nt 6.3; wow64; trident/7.0; slcc2; .net clr 2.0.50727; tencenttraveler 4.0)访问链接：http://hhh.cool/
记录时间：2017-10-18 00:21:01agent:mozilla/5.0 (compatible; msie 11.0; windows nt 6.3; wow64; trident/7.0; slcc2; .net clr 2.0.50727; tencenttraveler 4.0)访问链接：http://hhh.cool/
记录时间：2017-10-18 00:28:12agent:mozilla/5.0 (linux; android 6.0.1; nexus 5x build/mmb29p) applewebkit/537.36 (khtml, like gecko) chrome/41.0.2272.96 mobile safari/537.36 (compatible; googlebot/2.1; +http://www.google.com/bot.html)访问链接：http://hhh.cool/
记录时间：2017-10-18 00:29:56agent:mozilla/4.0 (compatible; msie 8.0; windows nt 5.1; trident/4.0; .net clr 1.1.4322; .net clr 2.0.50727; tencenttraveler 4.0)访问链接：http://hhh.cool/
记录时间：2017-10-18 00:30:46agent:mozilla/4.0 (compatible; msie 8.0; windows nt 5.1; trident/4.0; .net clr 1.1.4322; .net clr 2.0.50727; tencenttraveler 4.0)访问链接：http://hhh.cool/
记录时间：2017-10-18 00:55:48agent:mozilla/5.0 (compatible; msie 10.0; windows nt 6.1; wow64; trident/6.0; .net4.0e; .net4.0c; tencenttraveler 4.0)访问链接：http://hhh.cool/
记录时间：2017-10-18 01:01:38agent:mozilla/4.0 (compatible; msie 7.0; windows nt 5.1; wow64; trident/4.0; slcc2; .net clr 2.0.50727; .net clr 3.5.30729; .net clr 3.0.30729; .net4.0c; .net4.0e; tencenttraveler 4.0)访问链接：http://hhh.cool/
记录时间：2017-10-18 01:03:28agent:mozilla/4.0 (compatible; msie 6.0; windows nt 5.1; trident/4.0; .net clr 1.1.4322; .net clr 2.0.50727; tencenttraveler 4.0)访问链接：http://hhh.cool/
记录时间：2017-10-18 01:05:24agent:mozilla/4.0 (compatible; msie 7.0; windows nt 5.1; wow64; trident/4.0; slcc2; .net clr 2.0.50727; .net clr 3.5.30729; .net clr 3.0.30729; media center pc 6.0; tencenttraveler 4.0)访问链接：http://hhh.cool/
记录时间：2017-10-18 01:11:42agent:mozilla/4.0 (compatible; msie 8.0; windows nt 5.1; trident/4.0; tencenttraveler 4.0)访问链接：http://hhh.cool/
记录时间：2017-10-18 01:14:00agent:mozilla/4.0 (compatible; msie 8.0; windows nt 5.1; wow64; trident/4.0; .net4.0c; .net4.0e; tencenttraveler 4.0)访问链接：http://hhh.cool/
记录时间：2017-10-18 01:18:48agent:mozilla/4.0 (compatible;fw 2.0. 6553.p;fw 2.0.6553.p; msie 7.0; windows nt 6.1; wow64; trident/7.0; slcc2; .net clr 2.0.50727; .net clr 3.5.30729; .net clr 3.0.30729; .net4.0c; maln; alexatoolbar/amzni-3.0; asktbfxtv5/5.15.15.35882; .net4.0e; infopath.3)访问链接：http://hhh.cool/
记录时间：2017-10-18 01:19:33agent:mozilla/4.0 (compatible;fw 2.0. 6553.p;fw 2.0.6553.p; msie 6.0; windows nt 5.1; wow64; trident/7.0; slcc2; .net clr 2.0.50727; .net clr 3.5.30729; .net clr 3.0.30729; .net4.0c; maln; alexatoolbar/amzni-3.0; asktbfxtv5/5.15.15.35882; .net4.0e; infopath.3)访问链接：http://hhh.cool/
记录时间：2017-10-18 01:19:46agent:mozilla/4.0 (compatible; msie 6.0; windows nt 5.1; sv1; .net clr 1.1.4322; .net clr 2.0.50727; .net clr 3.0.4506.2152; .net clr 3.5.30729; tencenttraveler 4.0)访问链接：http://hhh.cool/
记录时间：2017-10-18 01:23:09agent:mozilla/5.0 (compatible; msie 10.0; windows nt 6.1; wow64; trident/6.0; slcc2; .net clr 2.0.50727; .net clr 3.5.30729; .net clr 3.0.30729; media center pc 6.0; .net4.0c; .net4.0e; infopath.3; asktbptv2/5.9.1.14019)访问链接：http://hhh.cool/
记录时间：2017-10-18 01:23:31agent:mozilla/5.0 (compatible; msie 10.0; windows nt 6.1; wow64; trident/6.0; slcc2; .net clr 2.0.50727; .net clr 3.5.30729; .net clr 3.0.30729; media center pc 6.0; .net4.0c; .net4.0e; infopath.3; asktbptv2/5.9.1.14019)访问链接：http://hhh.cool/
记录时间：2017-10-18 01:26:29agent:mozilla/4.0 (compatible; msie 8.0; windows nt 5.1; trident/4.0; slcc2; .net clr 2.0.50727; .net clr 3.5.30729; .net clr 3.0.30729; .net4.0c; .net4.0e; infopath.2; tencenttraveler 4.0)访问链接：http://hhh.cool/
记录时间：2017-10-18 01:54:35agent:mozilla/5.0 (compatible; msie 9.0; windows nt 6.1; trident/5.0; tencenttraveler 4.0)访问链接：http://hhh.cool/
记录时间：2017-10-18 02:10:12agent:mozilla/5.0 (compatible; msie 10.0; windows nt 6.1; wow64; trident/6.0; slcc2; .net clr 2.0.50727; .net4.0c; .net4.0e; .net clr 3.5.30729; .net clr 3.0.30729; tencenttraveler 4.0)访问链接：http://hhh.cool/
记录时间：2017-10-18 02:19:57agent:mozilla/4.0 (compatible; msie 6.0; windows nt 5.1; trident/4.0; .net clr 1.1.4322; .net clr 2.0.50727; tencenttraveler 4.0)访问链接：http://hhh.cool/
记录时间：2017-10-18 02:35:54agent:mozilla/4.0 (compatible; msie 8.0; windows nt 5.1; sv1; .net clr 1.1.4322; .net clr 2.0.50727; .net clr 3.0.4506.2152; .net clr 3.5.30729; tencenttraveler 4.0)访问链接：http://hhh.cool/
记录时间：2017-10-18 02:43:44agent:mozilla/4.0 (compatible; msie 6.0; windows nt 5.1; trident/4.0; .net clr 1.1.4322; .net clr 2.0.50727; tencenttraveler 4.0)访问链接：http://hhh.cool/
记录时间：2017-10-18 02:55:06agent:mozilla/5.0 (linux; android 6.0.1; nexus 5x build/mmb29p) applewebkit/537.36 (khtml, like gecko) chrome/41.0.2272.96 mobile safari/537.36 (compatible; googlebot/2.1; +http://www.google.com/bot.html)访问链接：http://hhh.cool/
记录时间：2017-10-18 02:58:47agent:mozilla/4.0 (compatible; msie 6.0; windows nt 5.1; trident/4.0; .net clr 1.1.4322; .net clr 2.0.50727; tencenttraveler 4.0)访问链接：http://hhh.cool/
记录时间：2017-10-18 03:01:00agent:mozilla/4.0 (compatible; msie 8.0; windows nt 5.1; wow64; trident/4.0; tencenttraveler 4.0)访问链接：http://hhh.cool/
记录时间：2017-10-18 03:13:01agent:mozilla/4.0 (compatible; msie 8.0; windows nt 5.1; tencenttraveler 4.0)访问链接：http://hhh.cool/
记录时间：2017-10-18 03:33:08agent:mozilla/4.0 (compatible; msie 6.0; windows nt 5.1; trident/4.0; .net clr 1.1.4322; .net clr 2.0.50727; tencenttraveler 4.0)访问链接：http://hhh.cool/
记录时间：2017-10-18 03:40:15agent:mozilla/5.0 (compatible; msie 10.0; windows nt 6.1; trident/6.0; slcc2; .net clr 2.0.50727; .net clr 3.5.30729; .net clr 3.0.30729; media center pc 6.0; tencenttraveler 4.0)访问链接：http://hhh.cool/
记录时间：2017-10-18 03:56:25agent:mozilla/5.0 (linux; android 6.0.1; nexus 5x build/mmb29p) applewebkit/537.36 (khtml, like gecko) chrome/41.0.2272.96 mobile safari/537.36 (compatible; googlebot/2.1; +http://www.google.com/bot.html)访问链接：http://hhh.cool/
记录时间：2017-10-18 04:01:22agent:mozilla/4.0 (compatible; msie 8.0; windows nt 5.1; trident/4.0; infopath.2; .net clr 3.0.4506.2152; .net clr 3.5.30729; .net clr 2.0.50727; tencenttraveler 4.0)访问链接：http://hhh.cool/
记录时间：2017-10-18 04:08:29agent:mozilla/5.0 (compatible; msie 9.0; windows nt 6.1; trident/5.0; tencenttraveler 4.0)访问链接：http://hhh.cool/
记录时间：2017-10-18 04:09:02agent:mozilla/5.0 (compatible; msie 9.0; windows nt 6.1; trident/5.0; tencenttraveler 4.0)访问链接：http://www.hhh.cool//
记录时间：2017-10-18 04:11:35agent:mozilla/4.0 (compatible; msie 6.0; windows nt 5.1; trident/4.0; .net clr 1.1.4322; .net clr 2.0.50727; tencenttraveler 4.0)访问链接：http://hhh.cool/
记录时间：2017-10-18 04:14:50agent:mozilla/4.0 (compatible; msie 6.0; windows nt 5.1; trident/4.0; .net clr 1.1.4322; .net clr 2.0.50727; tencenttraveler 4.0)访问链接：http://hhh.cool/
记录时间：2017-10-18 04:31:07agent:mozilla/5.0 (compatible; msie 10.0; windows nt 6.1; trident/6.0; slcc2; .net clr 2.0.50727; .net clr 3.5.30729; .net clr 3.0.30729; media center pc 6.0; .net4.0c; .net4.0e; tencenttraveler 4.0)访问链接：http://hhh.cool/
记录时间：2017-10-18 04:31:28agent:mozilla/4.0 (compatible; msie 8.0; windows nt 5.1; wow64; trident/4.0; tencenttraveler 4.0)访问链接：http://hhh.cool/
记录时间：2017-10-18 04:48:46agent:mozilla/4.0 (compatible; msie 10.0; windows nt 6.1; tencenttraveler 4.0)访问链接：http://hhh.cool/
记录时间：2017-10-18 05:02:56agent:mozilla/5.0 (linux; android 6.0.1; nexus 5x build/mmb29p) applewebkit/537.36 (khtml, like gecko) chrome/41.0.2272.96 mobile safari/537.36 (compatible; googlebot/2.1; +http://www.google.com/bot.html)访问链接：http://hhh.cool/
记录时间：2017-10-18 05:14:06agent:mozilla/4.0 (compatible; msie 6.0; windows nt 5.1; trident/4.0; .net clr 1.1.4322; .net clr 2.0.50727; tencenttraveler 4.0)访问链接：http://hhh.cool/
记录时间：2017-10-18 05:20:48agent:mozilla/4.0 (compatible; msie 6.0; windows nt 5.1; wow64; trident/4.0; slcc2; .net clr 2.0.50727; .net clr 3.5.30729; .net clr 3.0.30729; media center pc 6.0; infopath.2; tencenttraveler 4.0)访问链接：http://hhh.cool/
记录时间：2017-10-18 05:27:28agent:mozilla/4.0 (compatible; msie 6.0; windows nt 5.1; wow64; trident/4.0; slcc2; .net clr 2.0.50727; .net clr 3.5.30729; .net clr 3.0.30729; .net4.0c; .net4.0e; tencenttraveler 4.0)访问链接：http://hhh.cool/
记录时间：2017-10-18 05:29:50agent:mozilla/4.0 (compatible; msie 8.0; windows nt 5.1; tencenttraveler 4.0)访问链接：http://hhh.cool/
记录时间：2017-10-18 05:38:45agent:mozilla/5.0 (compatible; googlebot/2.1; +http://www.google.com/bot.html)访问链接：http://www.hhh.cool/
记录时间：2017-10-18 05:49:06agent:mozilla/5.0 (linux; android 6.0.1; nexus 5x build/mmb29p) applewebkit/537.36 (khtml, like gecko) chrome/41.0.2272.96 mobile safari/537.36 (compatible; googlebot/2.1; +http://www.google.com/bot.html)访问链接：http://www.hhh.cool/
记录时间：2017-10-18 05:51:56agent:mozilla/4.0 (compatible; msie 6.0; windows nt 5.1; trident/4.0; .net clr 1.1.4322; .net clr 2.0.50727; tencenttraveler 4.0)访问链接：http://hhh.cool/
记录时间：2017-10-18 05:52:56agent:mozilla/4.0 (compatible; msie 8.0; windows nt 5.1; wow64; trident/4.0; slcc2; .net clr 2.0.50727; .net clr 3.5.30729; .net clr 3.0.30729; media center pc 6.0; tencenttraveler 4.0)访问链接：http://hhh.cool/
记录时间：2017-10-18 05:56:34agent:mozilla/4.0 (compatible; msie 8.0; windows nt 5.1; trident/4.0; .net clr 1.1.4322; .net clr 2.0.50727; tencenttraveler 4.0)访问链接：http://hhh.cool/
记录时间：2017-10-18 05:58:30agent:mozilla/5.0 (compatible; msie 10.0; windows nt 6.1; wow64; trident/6.0; .net4.0e; .net4.0c; tencenttraveler 4.0)访问链接：http://hhh.cool/
记录时间：2017-10-18 06:04:31agent:mozilla/5.0 (linux; android 6.0.1; nexus 5x build/mmb29p) applewebkit/537.36 (khtml, like gecko) chrome/41.0.2272.96 mobile safari/537.36 (compatible; googlebot/2.1; +http://www.google.com/bot.html)访问链接：http://hhh.cool/
记录时间：2017-10-18 06:12:05agent:mozilla/4.0 (compatible; msie 8.0; windows nt 5.1; sv1; .net clr 1.1.4322; tencenttraveler 4.0)访问链接：http://hhh.cool/
记录时间：2017-10-18 06:31:39agent:mozilla/4.0 (compatible; msie 6.0; windows nt 5.1; wow64; trident/4.0; slcc2; .net clr 2.0.50727; .net4.0c; .net4.0e; .net clr 3.5.30729; .net clr 3.0.30729; tencenttraveler 4.0)访问链接：http://hhh.cool/
记录时间：2017-10-18 06:32:17agent:mozilla/4.0 (compatible; msie 6.0; windows nt 5.1; wow64; trident/4.0; slcc2; .net clr 2.0.50727; .net4.0c; .net4.0e; .net clr 3.5.30729; .net clr 3.0.30729; tencenttraveler 4.0)访问链接：http://hhh.cool/
记录时间：2017-10-18 06:37:32agent:mozilla/4.0 (compatible; msie 6.0; windows nt 5.1; tencenttraveler 4.0)访问链接：http://hhh.cool/
记录时间：2017-10-18 06:45:20agent:mozilla/4.0 (compatible; msie 6.0; windows nt 6.1; trident/4.0; .net clr 1.1.4322; .net clr 2.0.50727; .net clr 3.0.4506.2152; .net clr 3.5.30729; tencenttraveler 4.0)访问链接：http://hhh.cool/
记录时间：2017-10-18 06:46:05agent:mozilla/4.0 (compatible; msie 6.0; windows nt 5.1; trident/4.0; .net clr 1.1.4322; .net clr 2.0.50727; tencenttraveler 4.0)访问链接：http://hhh.cool/
记录时间：2017-10-18 06:46:20agent:mozilla/4.0 (compatible; msie 6.0; windows nt 5.1; trident/4.0; .net clr 1.1.4322; .net clr 2.0.50727; tencenttraveler 4.0)访问链接：http://hhh.cool/
记录时间：2017-10-18 06:47:41agent:mozilla/4.0 (compatible; msie 9.0; windows nt 6.1; wow64; trident/4.0; slcc2; .net clr 2.0.50727; tencenttraveler 4.0)访问链接：http://hhh.cool/
记录时间：2017-10-18 07:18:20agent:mozilla/5.0 (compatible; msie 10.0; windows nt 6.2; trident/6.0; tencenttraveler 4.0)访问链接：http://hhh.cool/
记录时间：2017-10-18 07:18:21agent:mozilla/4.0 (compatible; msie 7.0; windows nt 5.1; trident/4.0; .net clr 1.1.4322; .net clr 2.0.50727; tencenttraveler 4.0)访问链接：http://hhh.cool/
记录时间：2017-10-18 07:18:53agent:mozilla/4.0 (compatible; msie 7.0; windows nt 5.1; trident/4.0; .net clr 1.1.4322; .net clr 2.0.50727; tencenttraveler 4.0)访问链接：http://hhh.cool/
记录时间：2017-10-18 07:25:22agent:mozilla/4.0 (compatible; msie 6.0; windows nt 5.1; trident/4.0; .net clr 1.1.4322; .net clr 2.0.50727; .net clr 3.0.4506.2152; .net clr 3.5.30729; tencenttraveler 4.0)访问链接：http://hhh.cool/
记录时间：2017-10-18 07:51:08agent:mozilla/4.0 (compatible; msie 6.0; windows nt 5.1; trident/4.0; tencenttraveler 4.0)访问链接：http://hhh.cool/
记录时间：2017-10-18 07:51:39agent:mozilla/4.0 (compatible; msie 6.0; windows nt 5.1; trident/4.0; tencenttraveler 4.0)访问链接：http://hhh.cool/
记录时间：2017-10-18 08:05:13agent:mozilla/4.0 (compatible; msie 6.0; windows nt 5.1; trident/4.0; .net clr 1.1.4322; .net clr 2.0.50727; tencenttraveler 4.0)访问链接：http://hhh.cool/
记录时间：2017-10-18 08:11:48agent:mozilla/5.0 (compatible; msie 10.0; windows nt 6.1; wow64; trident/6.0; tencenttraveler 4.0)访问链接：http://hhh.cool/
记录时间：2017-10-18 08:13:31agent:mozilla/4.0 (compatible; msie 6.0; windows nt 5.1; trident/4.0; .net clr 1.1.4322; .net clr 2.0.50727; tencenttraveler 4.0)访问链接：http://hhh.cool/
记录时间：2017-10-18 08:17:00agent:mozilla/4.0 (compatible; msie 7.0; windows nt 5.1; wow64; trident/4.0; tencenttraveler 4.0)访问链接：http://hhh.cool/
记录时间：2017-10-18 08:36:45agent:mozilla/5.0 (linux; android 6.0.1; nexus 5x build/mmb29p) applewebkit/537.36 (khtml, like gecko) chrome/41.0.2272.96 mobile safari/537.36 (compatible; googlebot/2.1; +http://www.google.com/bot.html)访问链接：http://hhh.cool/
记录时间：2017-10-18 08:48:45agent:mozilla/4.0 (compatible; msie 8.0; windows nt 6.1; .net clr 1.1.4322; .net clr 2.0.50727; .net clr 3.0.4506.2152; .net clr 3.5.30729; tencenttraveler 4.0)访问链接：http://hhh.cool/
记录时间：2017-10-18 08:49:00agent:mozilla/4.0 (compatible; msie 8.0; windows nt 6.1; .net clr 1.1.4322; .net clr 2.0.50727; .net clr 3.0.4506.2152; .net clr 3.5.30729; tencenttraveler 4.0)访问链接：http://hhh.cool/
记录时间：2017-10-18 08:51:41agent:mozilla/4.0 (compatible; msie 8.0; windows nt 5.1; trident/4.0; slcc2; .net clr 2.0.50727; .net clr 3.5.30729; .net clr 3.0.30729; media center pc 6.0; .net4.0c; .net4.0e; tencenttraveler 4.0)访问链接：http://hhh.cool/
记录时间：2017-10-18 08:52:05agent:mozilla/4.0 (compatible; msie 8.0; windows nt 5.1; trident/4.0; slcc2; .net clr 2.0.50727; .net clr 3.5.30729; .net clr 3.0.30729; media center pc 6.0; .net4.0c; .net4.0e; tencenttraveler 4.0)访问链接：http://www.hhh.cool/
记录时间：2017-10-18 08:52:26agent:mozilla/4.0 (compatible; msie 8.0; windows nt 5.1; trident/4.0; slcc2; .net clr 2.0.50727; .net clr 3.5.30729; .net clr 3.0.30729; media center pc 6.0; .net4.0c; .net4.0e; tencenttraveler 4.0)访问链接：http://www.hhh.cool/
记录时间：2017-10-18 09:06:22agent:mozilla/5.0 (compatible; baiduspider/2.0; +http://www.baidu.com/search/spider.html)访问链接：http://hhh.cool/
记录时间：2017-10-18 09:07:25agent:mozilla/4.0 (compatible; msie 8.0; windows nt 6.0; wow64; trident/7.0; .net4.0c; .net4.0e; .net clr 2.0.50727; .net clr 3.0.30729; .net clr 3.5.30729; infopath.2; tencenttraveler 4.0)访问链接：http://hhh.cool/
记录时间：2017-10-18 09:09:04agent:mozilla/5.0 (compatible; baiduspider/2.0; +http://www.baidu.com/search/spider.html)访问链接：http://hhh.cool/
记录时间：2017-10-18 09:10:34agent:mozilla/5.0 (compatible; baiduspider/2.0; +http://www.baidu.com/search/spider.html)访问链接：http://hhh.cool/
记录时间：2017-10-18 09:12:58agent:mozilla/5.0 (compatible; baiduspider/2.0; +http://www.baidu.com/search/spider.html)访问链接：http://www.hhh.cool/
记录时间：2017-10-18 09:13:00agent:mozilla/5.0 (compatible; baiduspider/2.0; +http://www.baidu.com/search/spider.html)访问链接：http://www.hhh.cool/
记录时间：2017-10-18 09:13:01agent:mozilla/5.0 (compatible; baiduspider/2.0; +http://www.baidu.com/search/spider.html)访问链接：http://www.hhh.cool/
记录时间：2017-10-18 09:13:01agent:mozilla/5.0 (compatible; baiduspider/2.0; +http://www.baidu.com/search/spider.html)访问链接：http://www.hhh.cool/
记录时间：2017-10-18 09:13:02agent:mozilla/5.0 (compatible; baiduspider/2.0; +http://www.baidu.com/search/spider.html)访问链接：http://www.hhh.cool/
记录时间：2017-10-18 09:13:02agent:mozilla/5.0 (compatible; baiduspider/2.0; +http://www.baidu.com/search/spider.html)访问链接：http://www.hhh.cool/
记录时间：2017-10-18 09:13:03agent:mozilla/5.0 (compatible; baiduspider/2.0; +http://www.baidu.com/search/spider.html)访问链接：http://www.hhh.cool/
记录时间：2017-10-18 09:13:03agent:mozilla/5.0 (compatible; baiduspider/2.0; +http://www.baidu.com/search/spider.html)访问链接：http://www.hhh.cool/
记录时间：2017-10-18 09:13:06agent:mozilla/5.0 (compatible; baiduspider/2.0; +http://www.baidu.com/search/spider.html)访问链接：http://www.hhh.cool/
记录时间：2017-10-18 09:20:06agent:mozilla/4.0 (compatible; msie 7.0; windows nt 5.1; trident/4.0; .net clr 1.1.4322; .net clr 2.0.50727; .net clr 3.0.4506.2152; .net clr 3.5.30729; tencenttraveler 4.0)访问链接：http://hhh.cool/
记录时间：2017-10-18 09:26:36agent:mozilla/5.0+(compatible;+googlebot/2.1;++http://www.google.com/bot.html)访问链接：http://hhh.cool/
记录时间：2017-10-18 09:27:36agent:mozilla/5.0 (compatible; baiduspider/2.0; +http://www.baidu.com/search/spider.html)访问链接：http://www.hhh.cool/
记录时间：2017-10-18 09:27:36agent:mozilla/5.0 (compatible; baiduspider/2.0; +http://www.baidu.com/search/spider.html)访问链接：http://www.hhh.cool/
记录时间：2017-10-18 09:27:38agent:mozilla/5.0 (compatible; baiduspider/2.0; +http://www.baidu.com/search/spider.html)访问链接：http://www.hhh.cool/
记录时间：2017-10-18 09:28:40agent:mozilla/5.0 (compatible; baiduspider/2.0; +http://www.baidu.com/search/spider.html)访问链接：http://www.hhh.cool/
记录时间：2017-10-18 09:28:40agent:mozilla/5.0 (compatible; baiduspider/2.0; +http://www.baidu.com/search/spider.html)访问链接：http://www.hhh.cool/
记录时间：2017-10-18 09:28:41agent:mozilla/5.0 (compatible; baiduspider/2.0; +http://www.baidu.com/search/spider.html)访问链接：http://www.hhh.cool/
记录时间：2017-10-18 09:50:00agent:mozilla/4.0 (compatible; msie 8.0; windows nt 5.1; tencenttraveler 4.0)访问链接：http://hhh.cool/
记录时间：2017-10-18 09:50:30agent:mozilla/4.0 (compatible; msie 8.0; windows nt 5.1; tencenttraveler 4.0)访问链接：http://www.hhh.cool//
记录时间：2017-10-18 10:08:34agent:mozilla/5.0 (compatible; baiduspider/2.0; +http://www.baidu.com/search/spider.html)访问链接：http://www.hhh.cool/
记录时间：2017-10-18 10:08:34agent:mozilla/5.0 (compatible; baiduspider/2.0; +http://www.baidu.com/search/spider.html)访问链接：http://www.hhh.cool/
记录时间：2017-10-18 10:08:35agent:mozilla/5.0 (compatible; baiduspider/2.0; +http://www.baidu.com/search/spider.html)访问链接：http://www.hhh.cool/
记录时间：2017-10-18 10:08:37agent:mozilla/5.0 (compatible; baiduspider/2.0; +http://www.baidu.com/search/spider.html)访问链接：http://www.hhh.cool/
记录时间：2017-10-18 10:08:38agent:mozilla/5.0 (compatible; baiduspider/2.0; +http://www.baidu.com/search/spider.html)访问链接：http://www.hhh.cool/
记录时间：2017-10-18 10:08:40agent:mozilla/5.0 (compatible; baiduspider/2.0; +http://www.baidu.com/search/spider.html)访问链接：http://www.hhh.cool/
记录时间：2017-10-18 10:09:42agent:mozilla/5.0 (compatible; baiduspider/2.0; +http://www.baidu.com/search/spider.html)访问链接：http://www.hhh.cool/
记录时间：2017-10-18 10:09:42agent:mozilla/5.0 (compatible; baiduspider/2.0; +http://www.baidu.com/search/spider.html)访问链接：http://www.hhh.cool/
记录时间：2017-10-18 10:14:31agent:mozilla/4.0 (compatible; msie 8.0; windows nt 5.1; tencenttraveler 4.0; sv1; .net4.0c; .net4.0e; infopath.3; .net clr 2.0.50727; .net clr 3.0.4506.2152; .net clr 3.5.30729; infopath.1)访问链接：http://hhh.cool/
记录时间：2017-10-18 10:15:05agent:mozilla/4.0 (compatible; msie 8.0; windows nt 5.1; tencenttraveler 4.0; sv1; .net4.0c; .net4.0e; infopath.3; .net clr 2.0.50727; .net clr 3.0.4506.2152; .net clr 3.5.30729; infopath.1)访问链接：http://www.hhh.cool//
记录时间：2017-10-18 10:23:08agent:mozilla/5.0 (compatible; baiduspider/2.0; +http://www.baidu.com/search/spider.html)访问链接：http://hhh.cool/
记录时间：2017-10-18 10:23:09agent:mozilla/5.0 (compatible; baiduspider/2.0; +http://www.baidu.com/search/spider.html)访问链接：http://hhh.cool/
记录时间：2017-10-18 10:23:09agent:mozilla/5.0 (compatible; baiduspider/2.0; +http://www.baidu.com/search/spider.html)访问链接：http://hhh.cool/
记录时间：2017-10-18 10:23:11agent:mozilla/5.0 (compatible; baiduspider/2.0; +http://www.baidu.com/search/spider.html)访问链接：http://hhh.cool/
记录时间：2017-10-18 10:23:12agent:mozilla/5.0 (compatible; baiduspider/2.0; +http://www.baidu.com/search/spider.html)访问链接：http://hhh.cool/
记录时间：2017-10-18 10:23:14agent:mozilla/5.0 (compatible; baiduspider/2.0; +http://www.baidu.com/search/spider.html)访问链接：http://hhh.cool/
记录时间：2017-10-18 10:24:15agent:mozilla/5.0 (compatible; baiduspider/2.0; +http://www.baidu.com/search/spider.html)访问链接：http://hhh.cool/
记录时间：2017-10-18 10:24:16agent:mozilla/5.0 (compatible; baiduspider/2.0; +http://www.baidu.com/search/spider.html)访问链接：http://hhh.cool/
记录时间：2017-10-18 10:24:17agent:mozilla/5.0 (compatible; baiduspider/2.0; +http://www.baidu.com/search/spider.html)访问链接：http://hhh.cool/
记录时间：2017-10-18 10:25:18agent:mozilla/5.0 (compatible; baiduspider/2.0; +http://www.baidu.com/search/spider.html)访问链接：http://hhh.cool/
记录时间：2017-10-18 10:25:19agent:mozilla/5.0 (compatible; baiduspider/2.0; +http://www.baidu.com/search/spider.html)访问链接：http://hhh.cool/
记录时间：2017-10-18 10:25:21agent:mozilla/5.0 (compatible; baiduspider/2.0; +http://www.baidu.com/search/spider.html)访问链接：http://hhh.cool/
记录时间：2017-10-18 10:32:49agent:mozilla/4.0 (compatible; msie 6.0; windows nt 5.1; wow64; trident/4.0; .net4.0c; .net4.0e; .net clr 2.0.50727; .net clr 3.0.30729; .net clr 3.5.30729; tencenttraveler 4.0)访问链接：http://hhh.cool/
记录时间：2017-10-18 10:36:03agent:mozilla/4.0 (compatible; msie 6.0; windows nt 5.1; trident/4.0; .net clr 1.1.4322; .net4.0c; .net4.0e; .net clr 2.0.50727; .net clr 3.0.4506.2152; .net clr 3.5.30729; tencenttraveler 4.0)访问链接：http://hhh.cool/
记录时间：2017-10-18 10:47:18agent:mozilla/4.0 (compatible; msie 6.0; windows nt 5.1; wow64; trident/4.0; slcc2; .net clr 2.0.50727; .net clr 3.5.30729; .net clr 3.0.30729; .net4.0c; .net4.0e; tencenttraveler 4.0)访问链接：http://hhh.cool/
记录时间：2017-10-18 10:54:49agent:mozilla/4.0 (compatible; msie 9.0; windows nt 6.1; slcc1; .net clr 2.0.50727; .net clr 3.0.04506; .net clr 3.5.21022; .net clr 1.0.3705; .net clr 1.1.4322); baiduspider访问链接：http://www.hhh.cool/
记录时间：2017-10-18 10:54:49agent:mozilla/4.0 (compatible; msie 9.0; windows nt 6.1; slcc1; .net clr 2.0.50727; .net clr 3.0.04506; .net clr 3.5.21022; .net clr 1.0.3705; .net clr 1.1.4322); baiduspider访问链接：http://www.hhh.cool/
记录时间：2017-10-18 10:55:24agent:mozilla/5.0 (compatible; baiduspider/2.0; +http://www.baidu.com/search/spider.html)访问链接：http://hhh.cool/
记录时间：2017-10-18 10:55:25agent:mozilla/5.0 (compatible; baiduspider/2.0; +http://www.baidu.com/search/spider.html)访问链接：http://hhh.cool/
记录时间：2017-10-18 10:55:25agent:mozilla/5.0 (compatible; baiduspider/2.0; +http://www.baidu.com/search/spider.html)访问链接：http://hhh.cool/
记录时间：2017-10-18 10:55:27agent:mozilla/5.0 (compatible; baiduspider/2.0; +http://www.baidu.com/search/spider.html)访问链接：http://hhh.cool/
记录时间：2017-10-18 10:55:28agent:mozilla/4.0 (compatible; msie 9.0; windows nt 6.1; slcc1; .net clr 2.0.50727; .net clr 3.0.04506; .net clr 3.5.21022; .net clr 1.0.3705; .net clr 1.1.4322); baiduspider访问链接：http://hhh.cool/
记录时间：2017-10-18 10:55:28agent:mozilla/5.0 (compatible; baiduspider/2.0; +http://www.baidu.com/search/spider.html)访问链接：http://hhh.cool/
记录时间：2017-10-18 10:55:30agent:mozilla/5.0 (compatible; baiduspider/2.0; +http://www.baidu.com/search/spider.html)访问链接：http://hhh.cool/
记录时间：2017-10-18 10:55:31agent:mozilla/4.0 (compatible; msie 9.0; windows nt 6.1; slcc1; .net clr 2.0.50727; .net clr 3.0.04506; .net clr 3.5.21022; .net clr 1.0.3705; .net clr 1.1.4322); baiduspider访问链接：http://hhh.cool/
记录时间：2017-10-18 10:56:31agent:mozilla/5.0 (compatible; baiduspider/2.0; +http://www.baidu.com/search/spider.html)访问链接：http://hhh.cool/
记录时间：2017-10-18 10:56:32agent:mozilla/5.0 (compatible; baiduspider/2.0; +http://www.baidu.com/search/spider.html)访问链接：http://hhh.cool/
记录时间：2017-10-18 10:56:33agent:mozilla/5.0 (compatible; baiduspider/2.0; +http://www.baidu.com/search/spider.html)访问链接：http://hhh.cool/
记录时间：2017-10-18 10:57:34agent:mozilla/5.0 (compatible; baiduspider/2.0; +http://www.baidu.com/search/spider.html)访问链接：http://hhh.cool/
记录时间：2017-10-18 10:57:35agent:mozilla/5.0 (compatible; baiduspider/2.0; +http://www.baidu.com/search/spider.html)访问链接：http://hhh.cool/
记录时间：2017-10-18 10:57:35agent:mozilla/5.0 (compatible; baiduspider/2.0; +http://www.baidu.com/search/spider.html)访问链接：http://hhh.cool/
记录时间：2017-10-18 10:59:49agent:mozilla/5.0 (linux; android 6.0.1; nexus 5x build/mmb29p) applewebkit/537.36 (khtml, like gecko) chrome/41.0.2272.96 mobile safari/537.36 (compatible; googlebot/2.1; +http://www.google.com/bot.html)访问链接：http://hhh.cool/
记录时间：2017-10-18 11:02:50agent:mozilla/5.0 (compatible; baiduspider/2.0; +http://www.baidu.com/search/spider.html)访问链接：http://www.hhh.cool/
记录时间：2017-10-18 11:02:50agent:mozilla/5.0 (compatible; baiduspider/2.0; +http://www.baidu.com/search/spider.html)访问链接：http://www.hhh.cool/
记录时间：2017-10-18 11:02:52agent:mozilla/5.0 (compatible; baiduspider/2.0; +http://www.baidu.com/search/spider.html)访问链接：http://www.hhh.cool/
记录时间：2017-10-18 11:03:54agent:mozilla/5.0 (compatible; baiduspider/2.0; +http://www.baidu.com/search/spider.html)访问链接：http://www.hhh.cool/
记录时间：2017-10-18 11:03:54agent:mozilla/5.0 (compatible; baiduspider/2.0; +http://www.baidu.com/search/spider.html)访问链接：http://www.hhh.cool/
记录时间：2017-10-18 11:03:56agent:mozilla/5.0 (compatible; baiduspider/2.0; +http://www.baidu.com/search/spider.html)访问链接：http://www.hhh.cool/
记录时间：2017-10-18 11:04:36agent:mozilla/5.0 (compatible; msie 10.0; windows nt 6.1; wow64; trident/6.0; tencenttraveler 4.0)访问链接：http://hhh.cool/
记录时间：2017-10-18 11:04:58agent:mozilla/5.0 (compatible; msie 10.0; windows nt 6.1; wow64; trident/6.0; tencenttraveler 4.0)访问链接：http://www.hhh.cool/
记录时间：2017-10-18 11:27:50agent:mozilla/5.0 (compatible; baiduspider/2.0; +http://www.baidu.com/search/spider.html)访问链接：http://hhh.cool/
记录时间：2017-10-18 11:27:50agent:mozilla/5.0 (compatible; baiduspider/2.0; +http://www.baidu.com/search/spider.html)访问链接：http://hhh.cool/
记录时间：2017-10-18 11:27:51agent:mozilla/5.0 (compatible; baiduspider/2.0; +http://www.baidu.com/search/spider.html)访问链接：http://hhh.cool/
记录时间：2017-10-18 11:27:53agent:mozilla/5.0 (compatible; baiduspider/2.0; +http://www.baidu.com/search/spider.html)访问链接：http://hhh.cool/
记录时间：2017-10-18 11:27:53agent:mozilla/5.0 (compatible; baiduspider/2.0; +http://www.baidu.com/search/spider.html)访问链接：http://hhh.cool/
记录时间：2017-10-18 11:27:55agent:mozilla/5.0 (compatible; baiduspider/2.0; +http://www.baidu.com/search/spider.html)访问链接：http://hhh.cool/
记录时间：2017-10-18 11:28:08agent:mozilla/5.0 (compatible; baiduspider/2.0; +http://www.baidu.com/search/spider.html)访问链接：http://hhh.cool/
记录时间：2017-10-18 11:28:09agent:mozilla/5.0 (compatible; baiduspider/2.0; +http://www.baidu.com/search/spider.html)访问链接：http://hhh.cool/
记录时间：2017-10-18 11:28:57agent:mozilla/5.0 (compatible; baiduspider/2.0; +http://www.baidu.com/search/spider.html)访问链接：http://hhh.cool/
记录时间：2017-10-18 11:28:58agent:mozilla/5.0 (compatible; baiduspider/2.0; +http://www.baidu.com/search/spider.html)访问链接：http://hhh.cool/
记录时间：2017-10-18 11:28:59agent:mozilla/5.0 (compatible; baiduspider/2.0; +http://www.baidu.com/search/spider.html)访问链接：http://hhh.cool/
记录时间：2017-10-18 11:30:01agent:mozilla/5.0 (compatible; baiduspider/2.0; +http://www.baidu.com/search/spider.html)访问链接：http://hhh.cool/
记录时间：2017-10-18 11:30:01agent:mozilla/5.0 (compatible; baiduspider/2.0; +http://www.baidu.com/search/spider.html)访问链接：http://hhh.cool/
记录时间：2017-10-18 11:30:03agent:mozilla/5.0 (compatible; baiduspider/2.0; +http://www.baidu.com/search/spider.html)访问链接：http://hhh.cool/
记录时间：2017-10-18 11:42:43agent:mozilla/4.0 (compatible; msie 6.0; windows nt 5.1; sv1; tencenttraveler 4.0)访问链接：http://hhh.cool/
记录时间：2017-10-18 12:00:06agent:mozilla/5.0 (compatible; baiduspider/2.0; +http://www.baidu.com/search/spider.html)访问链接：http://hhh.cool/
记录时间：2017-10-18 12:00:07agent:mozilla/5.0 (compatible; baiduspider/2.0; +http://www.baidu.com/search/spider.html)访问链接：http://hhh.cool/
记录时间：2017-10-18 12:00:08agent:mozilla/5.0 (compatible; baiduspider/2.0; +http://www.baidu.com/search/spider.html)访问链接：http://hhh.cool/
记录时间：2017-10-18 12:00:10agent:mozilla/5.0 (compatible; baiduspider/2.0; +http://www.baidu.com/search/spider.html)访问链接：http://hhh.cool/
记录时间：2017-10-18 12:00:11agent:mozilla/5.0 (compatible; baiduspider/2.0; +http://www.baidu.com/search/spider.html)访问链接：http://hhh.cool/
记录时间：2017-10-18 12:01:14agent:mozilla/5.0 (compatible; baiduspider/2.0; +http://www.baidu.com/search/spider.html)访问链接：http://hhh.cool/
记录时间：2017-10-18 12:01:14agent:mozilla/5.0 (compatible; baiduspider/2.0; +http://www.baidu.com/search/spider.html)访问链接：http://hhh.cool/
记录时间：2017-10-18 12:01:16agent:mozilla/5.0 (compatible; baiduspider/2.0; +http://www.baidu.com/search/spider.html)访问链接：http://hhh.cool/
记录时间：2017-10-18 12:02:17agent:mozilla/5.0 (compatible; baiduspider/2.0; +http://www.baidu.com/search/spider.html)访问链接：http://hhh.cool/
记录时间：2017-10-18 12:02:18agent:mozilla/5.0 (compatible; baiduspider/2.0; +http://www.baidu.com/search/spider.html)访问链接：http://hhh.cool/
记录时间：2017-10-18 12:02:20agent:mozilla/5.0 (compatible; baiduspider/2.0; +http://www.baidu.com/search/spider.html)访问链接：http://hhh.cool/
记录时间：2017-10-18 12:05:10agent:mozilla/4.0 (compatible; msie 8.0; windows nt 5.1; wow64; trident/4.0; slcc2; .net clr 2.0.50727; .net clr 3.5.30729; .net clr 3.0.30729; tencenttraveler 4.0)访问链接：http://hhh.cool/
记录时间：2017-10-18 12:09:46agent:mozilla/5.0 (compatible; msie 10.0; windows nt 6.1; trident/6.0; tencenttraveler 4.0)访问链接：http://hhh.cool/
记录时间：2017-10-18 12:15:20agent:mozilla/4.0 (compatible; msie 8.0; windows nt 5.1; tencenttraveler 4.0)访问链接：http://hhh.cool/
记录时间：2017-10-18 12:31:29agent:mozilla/4.0 (compatible; msie 8.0; windows nt 5.1; tencenttraveler 4.0)访问链接：http://hhh.cool/
记录时间：2017-10-18 12:32:48agent:mozilla/5.0 (compatible; baiduspider/2.0; +http://www.baidu.com/search/spider.html)访问链接：http://hhh.cool/
记录时间：2017-10-18 12:32:49agent:mozilla/5.0 (compatible; baiduspider/2.0; +http://www.baidu.com/search/spider.html)访问链接：http://hhh.cool/
记录时间：2017-10-18 12:32:49agent:mozilla/5.0 (compatible; baiduspider/2.0; +http://www.baidu.com/search/spider.html)访问链接：http://hhh.cool/
记录时间：2017-10-18 12:32:57agent:mozilla/5.0 (compatible; baiduspider/2.0; +http://www.baidu.com/search/spider.html)访问链接：http://hhh.cool/
记录时间：2017-10-18 12:32:58agent:mozilla/5.0 (compatible; baiduspider/2.0; +http://www.baidu.com/search/spider.html)访问链接：http://hhh.cool/
记录时间：2017-10-18 12:33:00agent:mozilla/5.0 (compatible; baiduspider/2.0; +http://www.baidu.com/search/spider.html)访问链接：http://hhh.cool/
记录时间：2017-10-18 12:33:05agent:mozilla/5.0 (compatible; baiduspider/2.0; +http://www.baidu.com/search/spider.html)访问链接：http://hhh.cool/
记录时间：2017-10-18 12:33:06agent:mozilla/5.0 (compatible; baiduspider/2.0; +http://www.baidu.com/search/spider.html)访问链接：http://hhh.cool/
记录时间：2017-10-18 12:33:07agent:mozilla/5.0 (compatible; baiduspider/2.0; +http://www.baidu.com/search/spider.html)访问链接：http://hhh.cool/
记录时间：2017-10-18 12:33:35agent:mozilla/5.0 (compatible; baiduspider/2.0; +http://www.baidu.com/search/spider.html)访问链接：http://hhh.cool/
记录时间：2017-10-18 12:34:02agent:mozilla/5.0 (compatible; baiduspider/2.0; +http://www.baidu.com/search/spider.html)访问链接：http://hhh.cool/
记录时间：2017-10-18 12:34:03agent:mozilla/5.0 (compatible; baiduspider/2.0; +http://www.baidu.com/search/spider.html)访问链接：http://hhh.cool/
记录时间：2017-10-18 12:34:04agent:mozilla/5.0 (compatible; baiduspider/2.0; +http://www.baidu.com/search/spider.html)访问链接：http://hhh.cool/
记录时间：2017-10-18 12:35:06agent:mozilla/5.0 (compatible; baiduspider/2.0; +http://www.baidu.com/search/spider.html)访问链接：http://hhh.cool/
记录时间：2017-10-18 12:35:07agent:mozilla/5.0 (compatible; baiduspider/2.0; +http://www.baidu.com/search/spider.html)访问链接：http://hhh.cool/
记录时间：2017-10-18 12:35:08agent:mozilla/5.0 (compatible; baiduspider/2.0; +http://www.baidu.com/search/spider.html)访问链接：http://hhh.cool/
记录时间：2017-10-18 12:56:08agent:mozilla/5.0 (linux; android 6.0.1; nexus 5x build/mmb29p) applewebkit/537.36 (khtml, like gecko) chrome/41.0.2272.96 mobile safari/537.36 (compatible; googlebot/2.1; +http://www.google.com/bot.html)访问链接：http://hhh.cool/
记录时间：2017-10-18 13:05:18agent:mozilla/5.0 (compatible; baiduspider/2.0; +http://www.baidu.com/search/spider.html)访问链接：http://hhh.cool/
记录时间：2017-10-18 13:05:25agent:mozilla/5.0 (compatible; baiduspider/2.0; +http://www.baidu.com/search/spider.html)访问链接：http://hhh.cool/
记录时间：2017-10-18 13:05:41agent:mozilla/5.0 (compatible; baiduspider/2.0; +http://www.baidu.com/search/spider.html)访问链接：http://hhh.cool/
记录时间：2017-10-18 13:05:45agent:mozilla/5.0 (compatible; baiduspider/2.0; +http://www.baidu.com/search/spider.html)访问链接：http://hhh.cool/
记录时间：2017-10-18 13:05:46agent:mozilla/5.0 (compatible; baiduspider/2.0; +http://www.baidu.com/search/spider.html)访问链接：http://hhh.cool/
记录时间：2017-10-18 13:05:47agent:mozilla/5.0 (compatible; baiduspider/2.0; +http://www.baidu.com/search/spider.html)访问链接：http://hhh.cool/
记录时间：2017-10-18 13:05:48agent:mozilla/5.0 (compatible; baiduspider/2.0; +http://www.baidu.com/search/spider.html)访问链接：http://hhh.cool/
记录时间：2017-10-18 13:06:10agent:mozilla/5.0 (compatible; baiduspider/2.0; +http://www.baidu.com/search/spider.html)访问链接：http://hhh.cool/
记录时间：2017-10-18 13:06:11agent:mozilla/5.0 (compatible; baiduspider/2.0; +http://www.baidu.com/search/spider.html)访问链接：http://hhh.cool/
记录时间：2017-10-18 13:06:50agent:mozilla/5.0 (compatible; baiduspider/2.0; +http://www.baidu.com/search/spider.html)访问链接：http://hhh.cool/
记录时间：2017-10-18 13:06:50agent:mozilla/5.0 (compatible; baiduspider/2.0; +http://www.baidu.com/search/spider.html)访问链接：http://hhh.cool/
记录时间：2017-10-18 13:07:53agent:mozilla/5.0 (compatible; baiduspider/2.0; +http://www.baidu.com/search/spider.html)访问链接：http://hhh.cool/
记录时间：2017-10-18 13:07:53agent:mozilla/5.0 (compatible; baiduspider/2.0; +http://www.baidu.com/search/spider.html)访问链接：http://hhh.cool/
记录时间：2017-10-18 13:07:57agent:mozilla/5.0 (compatible; baiduspider/2.0; +http://www.baidu.com/search/spider.html)访问链接：http://hhh.cool/
记录时间：2017-10-18 13:08:35agent:mozilla/5.0 (compatible; baiduspider/2.0; +http://www.baidu.com/search/spider.html)访问链接：http://hhh.cool/
记录时间：2017-10-18 13:24:56agent:mozilla/4.0 (compatible; msie 7.0; windows nt 5.1; wow64; trident/4.0; slcc2; .net clr 2.0.50727; .net4.0c; .net4.0e; tencenttraveler 4.0)访问链接：http://hhh.cool/
记录时间：2017-10-18 13:25:40agent:mozilla/4.0 (compatible; msie 7.0; windows nt 5.1; wow64; trident/4.0; slcc2; .net clr 2.0.50727; .net4.0c; .net4.0e; tencenttraveler 4.0)访问链接：http://www.hhh.cool//
记录时间：2017-10-18 13:38:21agent:mozilla/5.0 (compatible; baiduspider/2.0; +http://www.baidu.com/search/spider.html)访问链接：http://hhh.cool/
记录时间：2017-10-18 13:38:22agent:mozilla/5.0 (compatible; baiduspider/2.0; +http://www.baidu.com/search/spider.html)访问链接：http://hhh.cool/
记录时间：2017-10-18 13:38:23agent:mozilla/5.0 (compatible; baiduspider/2.0; +http://www.baidu.com/search/spider.html)访问链接：http://hhh.cool/
记录时间：2017-10-18 13:38:24agent:mozilla/5.0 (compatible; baiduspider/2.0; +http://www.baidu.com/search/spider.html)访问链接：http://hhh.cool/
记录时间：2017-10-18 13:38:24agent:mozilla/5.0 (compatible; baiduspider/2.0; +http://www.baidu.com/search/spider.html)访问链接：http://hhh.cool/
记录时间：2017-10-18 13:38:26agent:mozilla/5.0 (compatible; baiduspider/2.0; +http://www.baidu.com/search/spider.html)访问链接：http://hhh.cool/
记录时间：2017-10-18 13:38:27agent:mozilla/5.0 (compatible; baiduspider/2.0; +http://www.baidu.com/search/spider.html)访问链接：http://hhh.cool/
记录时间：2017-10-18 13:38:29agent:mozilla/5.0 (compatible; baiduspider/2.0; +http://www.baidu.com/search/spider.html)访问链接：http://hhh.cool/
记录时间：2017-10-18 13:39:03agent:mozilla/5.0 (compatible; baiduspider/2.0; +http://www.baidu.com/search/spider.html)访问链接：http://hhh.cool/
记录时间：2017-10-18 13:39:30agent:mozilla/5.0 (compatible; baiduspider/2.0; +http://www.baidu.com/search/spider.html)访问链接：http://hhh.cool/
记录时间：2017-10-18 13:39:31agent:mozilla/5.0 (compatible; baiduspider/2.0; +http://www.baidu.com/search/spider.html)访问链接：http://hhh.cool/
记录时间：2017-10-18 13:39:32agent:mozilla/5.0 (compatible; baiduspider/2.0; +http://www.baidu.com/search/spider.html)访问链接：http://hhh.cool/
记录时间：2017-10-18 13:39:50agent:sogou web spider/4.0(+http://www.sogou.com/docs/help/webmasters.htm#07)访问链接：http://www.hhh.cool/
记录时间：2017-10-18 13:40:34agent:mozilla/5.0 (compatible; baiduspider/2.0; +http://www.baidu.com/search/spider.html)访问链接：http://hhh.cool/
记录时间：2017-10-18 13:40:35agent:mozilla/5.0 (compatible; baiduspider/2.0; +http://www.baidu.com/search/spider.html)访问链接：http://hhh.cool/
记录时间：2017-10-18 13:40:37agent:mozilla/5.0 (compatible; baiduspider/2.0; +http://www.baidu.com/search/spider.html)访问链接：http://hhh.cool/
记录时间：2017-10-18 14:00:11agent:mozilla/4.0 (compatible; msie 7.0; windows nt 5.1; wow64; trident/4.0; slcc2; .net clr 2.0.50727; .net clr 3.5.30729; .net clr 3.0.30729; tencenttraveler 4.0)访问链接：http://hhh.cool/
记录时间：2017-10-18 14:02:10agent:mozilla/5.0 (compatible; googlebot/2.1; +http://www.google.com/bot.html)访问链接：http://www.hhh.cool/
记录时间：2017-10-18 14:07:08agent:mozilla/5.0 (linux; android 6.0.1; nexus 5x build/mmb29p) applewebkit/537.36 (khtml, like gecko) chrome/41.0.2272.96 mobile safari/537.36 (compatible; googlebot/2.1; +http://www.google.com/bot.html)访问链接：http://hhh.cool/
记录时间：2017-10-18 14:10:41agent:mozilla/5.0 (compatible; baiduspider/2.0; +http://www.baidu.com/search/spider.html)访问链接：http://hhh.cool/
记录时间：2017-10-18 14:10:42agent:mozilla/5.0 (compatible; baiduspider/2.0; +http://www.baidu.com/search/spider.html)访问链接：http://hhh.cool/
记录时间：2017-10-18 14:10:42agent:mozilla/5.0 (compatible; baiduspider/2.0; +http://www.baidu.com/search/spider.html)访问链接：http://hhh.cool/
记录时间：2017-10-18 14:10:45agent:mozilla/5.0 (compatible; baiduspider/2.0; +http://www.baidu.com/search/spider.html)访问链接：http://hhh.cool/
记录时间：2017-10-18 14:10:46agent:mozilla/5.0 (compatible; baiduspider/2.0; +http://www.baidu.com/search/spider.html)访问链接：http://hhh.cool/
记录时间：2017-10-18 14:10:48agent:mozilla/5.0 (compatible; baiduspider/2.0; +http://www.baidu.com/search/spider.html)访问链接：http://hhh.cool/
记录时间：2017-10-18 14:11:49agent:mozilla/5.0 (compatible; baiduspider/2.0; +http://www.baidu.com/search/spider.html)访问链接：http://hhh.cool/
记录时间：2017-10-18 14:11:50agent:mozilla/5.0 (compatible; baiduspider/2.0; +http://www.baidu.com/search/spider.html)访问链接：http://hhh.cool/
记录时间：2017-10-18 14:11:51agent:mozilla/5.0 (compatible; baiduspider/2.0; +http://www.baidu.com/search/spider.html)访问链接：http://hhh.cool/
记录时间：2017-10-18 14:12:53agent:mozilla/5.0 (compatible; baiduspider/2.0; +http://www.baidu.com/search/spider.html)访问链接：http://hhh.cool/
记录时间：2017-10-18 14:12:54agent:mozilla/5.0 (compatible; baiduspider/2.0; +http://www.baidu.com/search/spider.html)访问链接：http://hhh.cool/
记录时间：2017-10-18 14:12:56agent:mozilla/5.0 (compatible; baiduspider/2.0; +http://www.baidu.com/search/spider.html)访问链接：http://hhh.cool/
记录时间：2017-10-18 14:17:20agent:mozilla/5.0 (linux; android 6.0.1; nexus 5x build/mmb29p) applewebkit/537.36 (khtml, like gecko) chrome/41.0.2272.96 mobile safari/537.36 (compatible; googlebot/2.1; +http://www.google.com/bot.html)访问链接：http://www.hhh.cool/
记录时间：2017-10-18 14:23:25agent:mozilla/5.0 (compatible; baiduspider/2.0; +http://www.baidu.com/search/spider.html)访问链接：http://hhh.cool/
记录时间：2017-10-18 14:41:05agent:mozilla/4.0 (compatible; msie 7.0; windows nt 5.1; wow64; trident/4.0; slcc2; .net clr 2.0.50727; .net clr 3.5.30729; .net clr 3.0.30729; .net4.0c; .net4.0e; tencenttraveler 4.0)访问链接：http://hhh.cool/
记录时间：2017-10-18 14:43:20agent:mozilla/5.0 (compatible; baiduspider/2.0; +http://www.baidu.com/search/spider.html)访问链接：http://hhh.cool/
记录时间：2017-10-18 14:43:22agent:mozilla/5.0 (compatible; baiduspider/2.0; +http://www.baidu.com/search/spider.html)访问链接：http://hhh.cool/
记录时间：2017-10-18 14:43:33agent:mozilla/5.0 (compatible; baiduspider/2.0; +http://www.baidu.com/search/spider.html)访问链接：http://hhh.cool/
记录时间：2017-10-18 14:43:37agent:mozilla/5.0 (compatible; baiduspider/2.0; +http://www.baidu.com/search/spider.html)访问链接：http://hhh.cool/
记录时间：2017-10-18 14:43:38agent:mozilla/5.0 (compatible; baiduspider/2.0; +http://www.baidu.com/search/spider.html)访问链接：http://hhh.cool/
记录时间：2017-10-18 14:43:41agent:mozilla/5.0 (compatible; baiduspider/2.0; +http://www.baidu.com/search/spider.html)访问链接：http://hhh.cool/
记录时间：2017-10-18 14:43:41agent:mozilla/5.0 (compatible; baiduspider/2.0; +http://www.baidu.com/search/spider.html)访问链接：http://hhh.cool/
记录时间：2017-10-18 14:43:42agent:mozilla/5.0 (compatible; baiduspider/2.0; +http://www.baidu.com/search/spider.html)访问链接：http://hhh.cool/
记录时间：2017-10-18 14:43:42agent:mozilla/5.0 (compatible; baiduspider/2.0; +http://www.baidu.com/search/spider.html)访问链接：http://hhh.cool/
记录时间：2017-10-18 14:43:42agent:mozilla/5.0 (compatible; baiduspider/2.0; +http://www.baidu.com/search/spider.html)访问链接：http://hhh.cool/
记录时间：2017-10-18 14:44:39agent:mozilla/5.0 (compatible; baiduspider/2.0; +http://www.baidu.com/search/spider.html)访问链接：http://hhh.cool/
记录时间：2017-10-18 14:44:40agent:mozilla/5.0 (compatible; baiduspider/2.0; +http://www.baidu.com/search/spider.html)访问链接：http://hhh.cool/
记录时间：2017-10-18 14:45:46agent:mozilla/5.0 (compatible; baiduspider/2.0; +http://www.baidu.com/search/spider.html)访问链接：http://hhh.cool/
记录时间：2017-10-18 14:45:50agent:mozilla/5.0 (compatible; baiduspider/2.0; +http://www.baidu.com/search/spider.html)访问链接：http://hhh.cool/
记录时间：2017-10-18 14:45:53agent:mozilla/5.0 (compatible; baiduspider/2.0; +http://www.baidu.com/search/spider.html)访问链接：http://hhh.cool/
记录时间：2017-10-18 14:48:49agent:mozilla/4.0 (compatible; msie 10.0; windows nt 6.1; tencenttraveler 4.0)访问链接：http://hhh.cool/
记录时间：2017-10-18 14:54:02agent:mozilla/5.0 (compatible; baiduspider/2.0; +http://www.baidu.com/search/spider.html)访问链接：http://hhh.cool/
记录时间：2017-10-18 15:10:51agent:mozilla/5.0 (compatible; baiduspider/2.0; +http://www.baidu.com/search/spider.html)访问链接：http://www.hhh.cool/
记录时间：2017-10-18 15:11:04agent:mozilla/5.0 (compatible; baiduspider/2.0; +http://www.baidu.com/search/spider.html)访问链接：http://hhh.cool/
记录时间：2017-10-18 15:16:00agent:mozilla/5.0 (compatible; baiduspider/2.0; +http://www.baidu.com/search/spider.html)访问链接：http://hhh.cool/
记录时间：2017-10-18 15:16:01agent:mozilla/5.0 (compatible; baiduspider/2.0; +http://www.baidu.com/search/spider.html)访问链接：http://hhh.cool/
记录时间：2017-10-18 15:16:02agent:mozilla/5.0 (compatible; baiduspider/2.0; +http://www.baidu.com/search/spider.html)访问链接：http://hhh.cool/
记录时间：2017-10-18 15:16:03agent:mozilla/5.0 (compatible; baiduspider/2.0; +http://www.baidu.com/search/spider.html)访问链接：http://hhh.cool/
记录时间：2017-10-18 15:16:04agent:mozilla/5.0 (compatible; baiduspider/2.0; +http://www.baidu.com/search/spider.html)访问链接：http://hhh.cool/
记录时间：2017-10-18 15:16:06agent:mozilla/5.0 (compatible; baiduspider/2.0; +http://www.baidu.com/search/spider.html)访问链接：http://hhh.cool/
记录时间：2017-10-18 15:17:07agent:mozilla/5.0 (compatible; baiduspider/2.0; +http://www.baidu.com/search/spider.html)访问链接：http://hhh.cool/
记录时间：2017-10-18 15:17:08agent:mozilla/5.0 (compatible; baiduspider/2.0; +http://www.baidu.com/search/spider.html)访问链接：http://hhh.cool/
记录时间：2017-10-18 15:17:10agent:mozilla/5.0 (compatible; baiduspider/2.0; +http://www.baidu.com/search/spider.html)访问链接：http://hhh.cool/
记录时间：2017-10-18 15:18:12agent:mozilla/5.0 (compatible; baiduspider/2.0; +http://www.baidu.com/search/spider.html)访问链接：http://hhh.cool/
记录时间：2017-10-18 15:18:12agent:mozilla/5.0 (compatible; baiduspider/2.0; +http://www.baidu.com/search/spider.html)访问链接：http://hhh.cool/
记录时间：2017-10-18 15:18:14agent:mozilla/5.0 (compatible; baiduspider/2.0; +http://www.baidu.com/search/spider.html)访问链接：http://hhh.cool/
记录时间：2017-10-18 15:39:48agent:mozilla/5.0 (compatible; msie 10.0; windows nt 6.1; trident/6.0; slcc2; .net clr 2.0.50727; .net clr 3.5.30729; .net clr 3.0.30729; .net4.0c; .net4.0e; tencenttraveler 4.0)访问链接：http://hhh.cool/
记录时间：2017-10-18 15:45:13agent:mozilla/5.0 (compatible; baiduspider/2.0; +http://www.baidu.com/search/spider.html)访问链接：http://hhh.cool/
记录时间：2017-10-18 15:45:13agent:mozilla/5.0 (compatible; baiduspider/2.0; +http://www.baidu.com/search/spider.html)访问链接：http://hhh.cool/
记录时间：2017-10-18 15:45:14agent:mozilla/5.0 (compatible; baiduspider/2.0; +http://www.baidu.com/search/spider.html)访问链接：http://hhh.cool/
记录时间：2017-10-18 15:45:16agent:mozilla/5.0 (compatible; baiduspider/2.0; +http://www.baidu.com/search/spider.html)访问链接：http://hhh.cool/
记录时间：2017-10-18 15:45:16agent:mozilla/5.0 (compatible; baiduspider/2.0; +http://www.baidu.com/search/spider.html)访问链接：http://hhh.cool/
记录时间：2017-10-18 15:45:18agent:mozilla/5.0 (compatible; baiduspider/2.0; +http://www.baidu.com/search/spider.html)访问链接：http://hhh.cool/
记录时间：2017-10-18 15:46:24agent:mozilla/5.0 (compatible; baiduspider/2.0; +http://www.baidu.com/search/spider.html)访问链接：http://hhh.cool/
记录时间：2017-10-18 15:46:26agent:mozilla/5.0 (compatible; baiduspider/2.0; +http://www.baidu.com/search/spider.html)访问链接：http://hhh.cool/
记录时间：2017-10-18 15:46:28agent:mozilla/5.0 (compatible; baiduspider/2.0; +http://www.baidu.com/search/spider.html)访问链接：http://hhh.cool/
记录时间：2017-10-18 15:47:33agent:mozilla/5.0 (compatible; baiduspider/2.0; +http://www.baidu.com/search/spider.html)访问链接：http://hhh.cool/
记录时间：2017-10-18 15:47:33agent:mozilla/5.0 (compatible; baiduspider/2.0; +http://www.baidu.com/search/spider.html)访问链接：http://hhh.cool/
记录时间：2017-10-18 15:47:34agent:mozilla/5.0 (compatible; baiduspider/2.0; +http://www.baidu.com/search/spider.html)访问链接：http://hhh.cool/
记录时间：2017-10-18 15:48:17agent:mozilla/5.0 (compatible; baiduspider/2.0; +http://www.baidu.com/search/spider.html)访问链接：http://hhh.cool/
记录时间：2017-10-18 15:48:18agent:mozilla/5.0 (compatible; baiduspider/2.0; +http://www.baidu.com/search/spider.html)访问链接：http://hhh.cool/
记录时间：2017-10-18 15:48:18agent:mozilla/5.0 (compatible; baiduspider/2.0; +http://www.baidu.com/search/spider.html)访问链接：http://hhh.cool/
记录时间：2017-10-18 15:48:20agent:mozilla/5.0 (compatible; baiduspider/2.0; +http://www.baidu.com/search/spider.html)访问链接：http://hhh.cool/
记录时间：2017-10-18 15:48:20agent:mozilla/5.0 (compatible; baiduspider/2.0; +http://www.baidu.com/search/spider.html)访问链接：http://hhh.cool/
记录时间：2017-10-18 15:50:42agent:mozilla/5.0 (compatible; baiduspider/2.0; +http://www.baidu.com/search/spider.html)访问链接：http://hhh.cool/
记录时间：2017-10-18 15:50:43agent:mozilla/5.0 (compatible; baiduspider/2.0; +http://www.baidu.com/search/spider.html)访问链接：http://hhh.cool/
记录时间：2017-10-18 15:50:43agent:mozilla/5.0 (compatible; baiduspider/2.0; +http://www.baidu.com/search/spider.html)访问链接：http://hhh.cool/
记录时间：2017-10-18 15:50:45agent:mozilla/5.0 (compatible; baiduspider/2.0; +http://www.baidu.com/search/spider.html)访问链接：http://hhh.cool/
记录时间：2017-10-18 15:50:46agent:mozilla/5.0 (compatible; baiduspider/2.0; +http://www.baidu.com/search/spider.html)访问链接：http://hhh.cool/
记录时间：2017-10-18 15:50:48agent:mozilla/5.0 (compatible; baiduspider/2.0; +http://www.baidu.com/search/spider.html)访问链接：http://hhh.cool/
记录时间：2017-10-18 15:51:50agent:mozilla/5.0 (compatible; baiduspider/2.0; +http://www.baidu.com/search/spider.html)访问链接：http://hhh.cool/
记录时间：2017-10-18 15:51:51agent:mozilla/5.0 (compatible; baiduspider/2.0; +http://www.baidu.com/search/spider.html)访问链接：http://hhh.cool/
记录时间：2017-10-18 15:51:52agent:mozilla/5.0 (compatible; baiduspider/2.0; +http://www.baidu.com/search/spider.html)访问链接：http://hhh.cool/
记录时间：2017-10-18 15:52:53agent:mozilla/5.0 (compatible; baiduspider/2.0; +http://www.baidu.com/search/spider.html)访问链接：http://hhh.cool/
记录时间：2017-10-18 15:52:54agent:mozilla/5.0 (compatible; baiduspider/2.0; +http://www.baidu.com/search/spider.html)访问链接：http://hhh.cool/
记录时间：2017-10-18 15:52:56agent:mozilla/5.0 (compatible; baiduspider/2.0; +http://www.baidu.com/search/spider.html)访问链接：http://hhh.cool/
记录时间：2017-10-18 15:53:10agent:mozilla/5.0 (compatible; baiduspider/2.0; +http://www.baidu.com/search/spider.html)访问链接：http://hhh.cool/
记录时间：2017-10-18 15:53:11agent:mozilla/5.0 (compatible; baiduspider/2.0; +http://www.baidu.com/search/spider.html)访问链接：http://hhh.cool/
记录时间：2017-10-18 15:53:11agent:mozilla/5.0 (compatible; baiduspider/2.0; +http://www.baidu.com/search/spider.html)访问链接：http://hhh.cool/
记录时间：2017-10-18 15:53:20agent:mozilla/5.0 (compatible; baiduspider/2.0; +http://www.baidu.com/search/spider.html)访问链接：http://hhh.cool/
记录时间：2017-10-18 15:53:20agent:mozilla/5.0 (compatible; baiduspider/2.0; +http://www.baidu.com/search/spider.html)访问链接：http://hhh.cool/
记录时间：2017-10-18 15:53:21agent:mozilla/5.0 (compatible; baiduspider/2.0; +http://www.baidu.com/search/spider.html)访问链接：http://hhh.cool/
记录时间：2017-10-18 15:53:22agent:mozilla/5.0 (compatible; baiduspider/2.0; +http://www.baidu.com/search/spider.html)访问链接：http://hhh.cool/
记录时间：2017-10-18 15:53:23agent:mozilla/5.0 (compatible; baiduspider/2.0; +http://www.baidu.com/search/spider.html)访问链接：http://hhh.cool/
记录时间：2017-10-18 15:53:24agent:mozilla/5.0 (compatible; baiduspider/2.0; +http://www.baidu.com/search/spider.html)访问链接：http://hhh.cool/
记录时间：2017-10-18 15:54:26agent:mozilla/5.0 (compatible; baiduspider/2.0; +http://www.baidu.com/search/spider.html)访问链接：http://hhh.cool/
记录时间：2017-10-18 15:54:26agent:mozilla/5.0 (compatible; baiduspider/2.0; +http://www.baidu.com/search/spider.html)访问链接：http://hhh.cool/
记录时间：2017-10-18 15:54:29agent:mozilla/5.0 (compatible; baiduspider/2.0; +http://www.baidu.com/search/spider.html)访问链接：http://hhh.cool/
记录时间：2017-10-18 15:55:40agent:mozilla/5.0 (compatible; baiduspider/2.0; +http://www.baidu.com/search/spider.html)访问链接：http://hhh.cool/
记录时间：2017-10-18 15:55:58agent:mozilla/5.0 (compatible; baiduspider/2.0; +http://www.baidu.com/search/spider.html)访问链接：http://hhh.cool/
记录时间：2017-10-18 15:56:00agent:mozilla/5.0 (compatible; baiduspider/2.0; +http://www.baidu.com/search/spider.html)访问链接：http://hhh.cool/
记录时间：2017-10-18 15:57:44agent:mozilla/5.0 (compatible; baiduspider/2.0; +http://www.baidu.com/search/spider.html)访问链接：http://hhh.cool/
记录时间：2017-10-18 15:57:45agent:mozilla/5.0 (compatible; baiduspider/2.0; +http://www.baidu.com/search/spider.html)访问链接：http://hhh.cool/
记录时间：2017-10-18 15:57:46agent:mozilla/4.0 (compatible; msie 6.0; windows nt 5.1; trident/4.0; slcc2; .net clr 2.0.50727; .net clr 3.5.30729; .net clr 3.0.30729; tencenttraveler 4.0)访问链接：http://hhh.cool/
记录时间：2017-10-18 15:57:46agent:mozilla/5.0 (compatible; baiduspider/2.0; +http://www.baidu.com/search/spider.html)访问链接：http://hhh.cool/
记录时间：2017-10-18 15:57:48agent:mozilla/5.0 (compatible; baiduspider/2.0; +http://www.baidu.com/search/spider.html)访问链接：http://hhh.cool/
记录时间：2017-10-18 15:57:48agent:mozilla/5.0 (compatible; baiduspider/2.0; +http://www.baidu.com/search/spider.html)访问链接：http://hhh.cool/
记录时间：2017-10-18 15:57:50agent:mozilla/5.0 (compatible; baiduspider/2.0; +http://www.baidu.com/search/spider.html)访问链接：http://hhh.cool/
记录时间：2017-10-18 15:59:09agent:mozilla/5.0 (linux; android 6.0.1; nexus 5x build/mmb29p) applewebkit/537.36 (khtml, like gecko) chrome/41.0.2272.96 mobile safari/537.36 (compatible; googlebot/2.1; +http://www.google.com/bot.html)访问链接：http://www.hhh.cool/
记录时间：2017-10-18 15:59:20agent:mozilla/5.0 (compatible; baiduspider/2.0; +http://www.baidu.com/search/spider.html)访问链接：http://hhh.cool/
记录时间：2017-10-18 15:59:22agent:mozilla/5.0 (compatible; baiduspider/2.0; +http://www.baidu.com/search/spider.html)访问链接：http://hhh.cool/
记录时间：2017-10-18 15:59:24agent:mozilla/5.0 (compatible; baiduspider/2.0; +http://www.baidu.com/search/spider.html)访问链接：http://hhh.cool/
记录时间：2017-10-18 16:00:26agent:mozilla/5.0 (compatible; baiduspider/2.0; +http://www.baidu.com/search/spider.html)访问链接：http://hhh.cool/
记录时间：2017-10-18 16:00:27agent:mozilla/5.0 (compatible; baiduspider/2.0; +http://www.baidu.com/search/spider.html)访问链接：http://hhh.cool/
记录时间：2017-10-18 16:00:29agent:mozilla/5.0 (compatible; baiduspider/2.0; +http://www.baidu.com/search/spider.html)访问链接：http://hhh.cool/
记录时间：2017-10-18 16:09:31agent:mozilla/5.0 (linux; android 6.0.1; nexus 5x build/mmb29p) applewebkit/537.36 (khtml, like gecko) chrome/41.0.2272.96 mobile safari/537.36 (compatible; googlebot/2.1; +http://www.google.com/bot.html)访问链接：http://hhh.cool/
记录时间：2017-10-18 16:18:24agent:mozilla/5.0 (compatible; baiduspider/2.0; +http://www.baidu.com/search/spider.html)访问链接：http://hhh.cool/
记录时间：2017-10-18 16:18:25agent:mozilla/5.0 (compatible; baiduspider/2.0; +http://www.baidu.com/search/spider.html)访问链接：http://hhh.cool/
记录时间：2017-10-18 16:18:25agent:mozilla/5.0 (compatible; baiduspider/2.0; +http://www.baidu.com/search/spider.html)访问链接：http://hhh.cool/
记录时间：2017-10-18 16:18:27agent:mozilla/5.0 (compatible; baiduspider/2.0; +http://www.baidu.com/search/spider.html)访问链接：http://hhh.cool/
记录时间：2017-10-18 16:18:27agent:mozilla/5.0 (compatible; baiduspider/2.0; +http://www.baidu.com/search/spider.html)访问链接：http://hhh.cool/
记录时间：2017-10-18 16:18:29agent:mozilla/5.0 (compatible; baiduspider/2.0; +http://www.baidu.com/search/spider.html)访问链接：http://hhh.cool/
记录时间：2017-10-18 16:19:30agent:mozilla/5.0 (compatible; baiduspider/2.0; +http://www.baidu.com/search/spider.html)访问链接：http://hhh.cool/
记录时间：2017-10-18 16:19:31agent:mozilla/5.0 (compatible; baiduspider/2.0; +http://www.baidu.com/search/spider.html)访问链接：http://hhh.cool/
记录时间：2017-10-18 16:19:33agent:mozilla/5.0 (compatible; baiduspider/2.0; +http://www.baidu.com/search/spider.html)访问链接：http://hhh.cool/
记录时间：2017-10-18 16:19:50agent:mozilla/5.0 (compatible; googlebot/2.1; +http://www.google.com/bot.html)访问链接：http://www.hhh.cool/
记录时间：2017-10-18 16:20:35agent:mozilla/5.0 (compatible; baiduspider/2.0; +http://www.baidu.com/search/spider.html)访问链接：http://hhh.cool/
记录时间：2017-10-18 16:20:35agent:mozilla/5.0 (compatible; baiduspider/2.0; +http://www.baidu.com/search/spider.html)访问链接：http://hhh.cool/
记录时间：2017-10-18 16:20:37agent:mozilla/5.0 (compatible; baiduspider/2.0; +http://www.baidu.com/search/spider.html)访问链接：http://hhh.cool/
记录时间：2017-10-18 16:50:42agent:mozilla/5.0 (compatible; baiduspider/2.0; +http://www.baidu.com/search/spider.html)访问链接：http://hhh.cool/
记录时间：2017-10-18 16:50:42agent:mozilla/5.0 (compatible; baiduspider/2.0; +http://www.baidu.com/search/spider.html)访问链接：http://hhh.cool/
记录时间：2017-10-18 16:50:43agent:mozilla/5.0 (compatible; baiduspider/2.0; +http://www.baidu.com/search/spider.html)访问链接：http://hhh.cool/
记录时间：2017-10-18 16:51:15agent:mozilla/5.0 (compatible; baiduspider/2.0; +http://www.baidu.com/search/spider.html)访问链接：http://hhh.cool/
记录时间：2017-10-18 16:51:16agent:mozilla/5.0 (compatible; baiduspider/2.0; +http://www.baidu.com/search/spider.html)访问链接：http://hhh.cool/
记录时间：2017-10-18 16:51:19agent:mozilla/5.0 (compatible; baiduspider/2.0; +http://www.baidu.com/search/spider.html)访问链接：http://hhh.cool/
记录时间：2017-10-18 16:52:21agent:mozilla/5.0 (compatible; baiduspider/2.0; +http://www.baidu.com/search/spider.html)访问链接：http://hhh.cool/
记录时间：2017-10-18 16:52:22agent:mozilla/5.0 (compatible; baiduspider/2.0; +http://www.baidu.com/search/spider.html)访问链接：http://hhh.cool/
记录时间：2017-10-18 16:52:24agent:mozilla/5.0 (compatible; baiduspider/2.0; +http://www.baidu.com/search/spider.html)访问链接：http://hhh.cool/
记录时间：2017-10-18 16:53:25agent:mozilla/5.0 (compatible; baiduspider/2.0; +http://www.baidu.com/search/spider.html)访问链接：http://hhh.cool/
记录时间：2017-10-18 16:53:26agent:mozilla/5.0 (compatible; baiduspider/2.0; +http://www.baidu.com/search/spider.html)访问链接：http://hhh.cool/
记录时间：2017-10-18 16:53:30agent:mozilla/5.0 (compatible; baiduspider/2.0; +http://www.baidu.com/search/spider.html)访问链接：http://hhh.cool/
记录时间：2017-10-18 17:05:30agent:mozilla/5.0 (linux; android 6.0.1; nexus 5x build/mmb29p) applewebkit/537.36 (khtml, like gecko) chrome/41.0.2272.96 mobile safari/537.36 (compatible; googlebot/2.1; +http://www.google.com/bot.html)访问链接：http://www.hhh.cool/
记录时间：2017-10-18 17:19:30agent:mozilla/4.0 (compatible; msie 10.0; windows nt 6.1; tencenttraveler 4.0)访问链接：http://hhh.cool/
记录时间：2017-10-18 17:23:34agent:mozilla/5.0 (compatible; baiduspider/2.0; +http://www.baidu.com/search/spider.html)访问链接：http://hhh.cool/
记录时间：2017-10-18 17:23:35agent:mozilla/5.0 (compatible; baiduspider/2.0; +http://www.baidu.com/search/spider.html)访问链接：http://hhh.cool/
记录时间：2017-10-18 17:23:35agent:mozilla/5.0 (compatible; baiduspider/2.0; +http://www.baidu.com/search/spider.html)访问链接：http://hhh.cool/
记录时间：2017-10-18 17:23:37agent:mozilla/5.0 (compatible; baiduspider/2.0; +http://www.baidu.com/search/spider.html)访问链接：http://hhh.cool/
记录时间：2017-10-18 17:23:37agent:mozilla/5.0 (compatible; baiduspider/2.0; +http://www.baidu.com/search/spider.html)访问链接：http://hhh.cool/
记录时间：2017-10-18 17:23:39agent:mozilla/5.0 (compatible; baiduspider/2.0; +http://www.baidu.com/search/spider.html)访问链接：http://hhh.cool/
记录时间：2017-10-18 17:24:41agent:mozilla/5.0 (compatible; baiduspider/2.0; +http://www.baidu.com/search/spider.html)访问链接：http://hhh.cool/
记录时间：2017-10-18 17:24:41agent:mozilla/5.0 (compatible; baiduspider/2.0; +http://www.baidu.com/search/spider.html)访问链接：http://hhh.cool/
记录时间：2017-10-18 17:24:44agent:mozilla/5.0 (compatible; baiduspider/2.0; +http://www.baidu.com/search/spider.html)访问链接：http://hhh.cool/
记录时间：2017-10-18 17:25:46agent:mozilla/5.0 (compatible; baiduspider/2.0; +http://www.baidu.com/search/spider.html)访问链接：http://hhh.cool/
记录时间：2017-10-18 17:25:47agent:mozilla/5.0 (compatible; baiduspider/2.0; +http://www.baidu.com/search/spider.html)访问链接：http://hhh.cool/
记录时间：2017-10-18 17:25:48agent:mozilla/5.0 (compatible; baiduspider/2.0; +http://www.baidu.com/search/spider.html)访问链接：http://hhh.cool/
记录时间：2017-10-18 17:35:53agent:mozilla/4.0 (compatible; msie 6.0; windows nt 5.1; wow64; trident/4.0; .net4.0c; .net4.0e; .net clr 2.0.50727; .net clr 3.0.30729; .net clr 3.5.30729; tencenttraveler 4.0)访问链接：http://hhh.cool/
记录时间：2017-10-18 17:39:43agent:mozilla/5.0 (compatible; baiduspider/2.0; +http://www.baidu.com/search/spider.html)访问链接：http://hhh.cool/
记录时间：2017-10-18 17:45:03agent:mozilla/4.0 (compatible; msie 6.0; windows nt 5.1; wow64; trident/4.0; slcc2; .net clr 2.0.50727; .net clr 3.5.30729; .net clr 3.0.30729; media center pc 6.0; tencenttraveler 4.0)访问链接：http://hhh.cool/
记录时间：2017-10-18 17:54:18agent:mozilla/4.0 (compatible; msie 7.0; windows nt 5.2; trident/4.0; tencenttraveler 4.0; .net clr 1.1.4322; .net clr 2.0.50727; .net clr 3.0.4506.2152; .net clr 3.5.30729; .net4.0c; .net4.0e)访问链接：http://hhh.cool/
记录时间：2017-10-18 17:55:54agent:mozilla/5.0 (compatible; baiduspider/2.0; +http://www.baidu.com/search/spider.html)访问链接：http://hhh.cool/
记录时间：2017-10-18 17:55:55agent:mozilla/5.0 (compatible; baiduspider/2.0; +http://www.baidu.com/search/spider.html)访问链接：http://hhh.cool/
记录时间：2017-10-18 17:55:56agent:mozilla/5.0 (compatible; baiduspider/2.0; +http://www.baidu.com/search/spider.html)访问链接：http://hhh.cool/
记录时间：2017-10-18 17:55:57agent:mozilla/5.0 (compatible; baiduspider/2.0; +http://www.baidu.com/search/spider.html)访问链接：http://hhh.cool/
记录时间：2017-10-18 17:55:58agent:mozilla/5.0 (compatible; baiduspider/2.0; +http://www.baidu.com/search/spider.html)访问链接：http://hhh.cool/
记录时间：2017-10-18 17:56:00agent:mozilla/5.0 (compatible; baiduspider/2.0; +http://www.baidu.com/search/spider.html)访问链接：http://hhh.cool/
记录时间：2017-10-18 17:57:02agent:mozilla/5.0 (compatible; baiduspider/2.0; +http://www.baidu.com/search/spider.html)访问链接：http://hhh.cool/
记录时间：2017-10-18 17:57:02agent:mozilla/5.0 (compatible; baiduspider/2.0; +http://www.baidu.com/search/spider.html)访问链接：http://hhh.cool/
记录时间：2017-10-18 17:57:04agent:mozilla/5.0 (compatible; baiduspider/2.0; +http://www.baidu.com/search/spider.html)访问链接：http://hhh.cool/
记录时间：2017-10-18 17:58:06agent:mozilla/5.0 (compatible; baiduspider/2.0; +http://www.baidu.com/search/spider.html)访问链接：http://hhh.cool/
记录时间：2017-10-18 17:58:06agent:mozilla/5.0 (compatible; baiduspider/2.0; +http://www.baidu.com/search/spider.html)访问链接：http://hhh.cool/
记录时间：2017-10-18 18:36:41agent:mozilla/5.0 (linux; android 6.0.1; nexus 5x build/mmb29p) applewebkit/537.36 (khtml, like gecko) chrome/41.0.2272.96 mobile safari/537.36 (compatible; googlebot/2.1; +http://www.google.com/bot.html)访问链接：http://www.hhh.cool/
记录时间：2017-10-18 18:44:27agent:mozilla/4.0 (compatible; msie 6.0; windows nt 5.1; trident/4.0; .net clr 1.1.4322; .net clr 2.0.50727; tencenttraveler 4.0)访问链接：http://hhh.cool/
记录时间：2017-10-18 19:01:20agent:mozilla/5.0 (compatible; msie 10.0; windows nt 6.1; trident/6.0; embeddedwb 14.52 from: http://www.bsalsa.com/ embeddedwb 14.52; .net clr 1.1.4322; tencenttraveler 4.0)访问链接：http://hhh.cool/
记录时间：2017-10-18 19:09:14agent:mozilla/4.0 (compatible; msie 10.0; windows nt 6.1; tencenttraveler 4.0)访问链接：http://hhh.cool/
记录时间：2017-10-18 19:20:25agent:mozilla/4.0 (compatible;fw 2.0. 6553.p;fw 2.0.6553.p; msie 8.0; windows nt 5.2; wow64; trident/7.0; slcc2; .net clr 2.0.50727; .net clr 3.5.30729; .net clr 3.0.30729; .net4.0c; maln; alexatoolbar/amzni-3.0; asktbfxtv5/5.15.15.35882; .net4.0e; infopath.3)访问链接：http://hhh.cool/
记录时间：2017-10-18 19:20:58agent:mozilla/5.0 (linux; android 6.0.1; nexus 5x build/mmb29p) applewebkit/537.36 (khtml, like gecko) chrome/41.0.2272.96 mobile safari/537.36 (compatible; googlebot/2.1; +http://www.google.com/bot.html)访问链接：http://hhh.cool/
记录时间：2017-10-18 19:20:58agent:mozilla/4.0 (compatible;fw 2.0. 6553.p;fw 2.0.6553.p; msie 8.0; windows nt 5.2; wow64; trident/7.0; slcc2; .net clr 2.0.50727; .net clr 3.5.30729; .net clr 3.0.30729; .net4.0c; maln; alexatoolbar/amzni-3.0; asktbfxtv5/5.15.15.35882; .net4.0e; infopath.3)访问链接：http://www.hhh.cool//
记录时间：2017-10-18 19:41:56agent:mozilla/4.0 (compatible; msie 8.0; windows nt 6.0; wow64; trident/4.0; slcc2; .net clr 2.0.50727; tencenttraveler 4.0)访问链接：http://hhh.cool/
记录时间：2017-10-18 19:50:06agent:mozilla/5.0 (linux; android 6.0.1; nexus 5x build/mmb29p) applewebkit/537.36 (khtml, like gecko) chrome/41.0.2272.96 mobile safari/537.36 (compatible; googlebot/2.1; +http://www.google.com/bot.html)访问链接：http://www.hhh.cool/
记录时间：2017-10-18 19:52:38agent:mozilla/5.0 (compatible; msie 9.0; windows nt 6.1; trident/5.0; tencenttraveler 4.0)访问链接：http://hhh.cool/
记录时间：2017-10-18 19:53:31agent:mozilla/4.0 (compatible; msie 6.0; windows nt 5.1; trident/4.0; .net clr 1.1.4322; .net clr 2.0.50727; .net clr 3.0.4506.2152; .net clr 3.5.30729; tencenttraveler 4.0)访问链接：http://hhh.cool/
记录时间：2017-10-18 19:53:33agent:mozilla/4.0 (compatible; msie 6.0; windows nt 5.1; trident/4.0; .net clr 1.1.4322; .net clr 2.0.50727; .net clr 3.0.4506.2152; .net clr 3.5.30729; tencenttraveler 4.0)访问链接：http://hhh.cool/
记录时间：2017-10-18 20:06:48agent:mozilla/5.0 (linux; android 6.0.1; nexus 5x build/mmb29p) applewebkit/537.36 (khtml, like gecko) chrome/41.0.2272.96 mobile safari/537.36 (compatible; googlebot/2.1; +http://www.google.com/bot.html)访问链接：http://www.hhh.cool/
记录时间：2017-10-18 20:18:30agent:mozilla/5.0 (linux; android 6.0.1; nexus 5x build/mmb29p) applewebkit/537.36 (khtml, like gecko) chrome/41.0.2272.96 mobile safari/537.36 (compatible; googlebot/2.1; +http://www.google.com/bot.html)访问链接：http://hhh.cool/
记录时间：2017-10-18 20:26:04agent:mozilla/4.0 (compatible; msie 7.0; windows nt 5.1; .net clr 2.0.50727; .net clr 3.0.4506.2152; .net clr 3.5.30729; .net4.0c; .net4.0e; tencenttraveler 4.0)访问链接：http://hhh.cool/
记录时间：2017-10-18 20:33:40agent:mozilla/5.0 (compatible; googlebot/2.1; +http://www.google.com/bot.html)访问链接：http://www.hhh.cool/
记录时间：2017-10-18 20:55:51agent:mozilla/4.0 (compatible; msie 6.0; windows nt 5.1; wow64; trident/4.0; slcc2; .net clr 2.0.50727; .net clr 3.5.30729; .net clr 3.0.30729; media center pc 6.0; .net4.0c; .net4.0e; tencenttraveler 4.0)访问链接：http://hhh.cool/
记录时间：2017-10-18 20:56:17agent:mozilla/4.0 (compatible; msie 8.0; windows nt 5.1; trident/4.0; mozilla/4.0 (compatible; msie 6.0; windows nt 5.1; sv1; tencenttraveler 4.0) ; .net clr 1.1.4322; .net clr 2.0.50727)访问链接：http://hhh.cool/
记录时间：2017-10-18 20:57:32agent:mozilla/4.0 (compatible; msie 6.0; windows nt 5.1; trident/4.0; .net clr 1.1.4322; .net clr 2.0.50727; .net clr 3.0.4506.2152; .net clr 3.5.30729; tencenttraveler 4.0)访问链接：http://hhh.cool/
记录时间：2017-10-18 20:57:49agent:mozilla/4.0 (compatible; msie 8.0; windows nt 5.1; tencenttraveler 4.0)访问链接：http://hhh.cool/
记录时间：2017-10-18 20:58:07agent:mozilla/4.0 (compatible; msie 8.0; windows nt 5.1; tencenttraveler 4.0)访问链接：http://hhh.cool/
记录时间：2017-10-18 20:58:17agent:mozilla/4.0 (compatible; msie 6.0; windows nt 5.1; trident/4.0; .net clr 1.1.4322; .net clr 2.0.50727; .net clr 3.0.4506.2152; .net clr 3.5.30729; .net4.0c; .net4.0e; tencenttraveler 4.0)访问链接：http://hhh.cool/
记录时间：2017-10-18 20:58:24agent:mozilla/4.0 (compatible; msie 8.0; windows nt 5.1; wow64; trident/4.0; slcc2; .net clr 2.0.50727; .net clr 3.5.30729; .net clr 3.0.30729; media center pc 6.0; tencenttraveler 4.0)访问链接：http://hhh.cool/
记录时间：2017-10-18 20:58:44agent:mozilla/4.0 (compatible; msie 6.0; windows nt 5.1; trident/4.0; .net clr 2.0.50727; .net clr 3.0.4506.2152; .net clr 3.5.30729; infopath.2; tencenttraveler 4.0)访问链接：http://hhh.cool/
记录时间：2017-10-18 20:58:53agent:mozilla/4.0 (compatible; msie 8.0; windows nt 5.1; wow64; trident/4.0; slcc2; .net clr 2.0.50727; .net clr 3.5.30729; .net clr 3.0.30729; media center pc 6.0; tencenttraveler 4.0)访问链接：http://hhh.cool/
记录时间：2017-10-18 20:59:37agent:mozilla/4.0 (compatible; msie 7.0; windows nt 5.1; trident/4.0; .net clr 1.1.4322; .net clr 2.0.50727; tencenttraveler 4.0)访问链接：http://hhh.cool/
记录时间：2017-10-18 21:00:06agent:mozilla/4.0 (compatible; msie 6.0; windows nt 6.0; trident/4.0; .net clr 1.1.4322; .net clr 2.0.50727; tencenttraveler 4.0)访问链接：http://hhh.cool/
记录时间：2017-10-18 21:02:44agent:mozilla/4.0 (compatible; msie 8.0; windows nt 5.1; sv1; .net clr 1.1.4322; .net clr 2.0.50727; .net clr 3.0.4506.2152; .net clr 3.5.30729; tencenttraveler 4.0)访问链接：http://hhh.cool/
记录时间：2017-10-18 21:03:01agent:mozilla/4.0 (compatible; msie 6.0; windows nt 5.1; trident/4.0; .net clr 1.1.4322; .net4.0c; .net4.0e; .net clr 2.0.50727; .net clr 3.0.4506.2152; .net clr 3.5.30729; tencenttraveler 4.0)访问链接：http://hhh.cool/
记录时间：2017-10-18 21:03:09agent:mozilla/4.0 (compatible; msie 8.0; windows nt 5.1; sv1; .net clr 1.1.4322; .net clr 2.0.50727; .net clr 3.0.4506.2152; .net clr 3.5.30729; tencenttraveler 4.0)访问链接：http://hhh.cool/
记录时间：2017-10-18 21:06:59agent:sogou web spider/4.0(+http://www.sogou.com/docs/help/webmasters.htm#07)访问链接：http://hhh.cool/
记录时间：2017-10-18 21:09:48agent:mozilla/4.0 (compatible; msie 8.0; windows nt 5.1; trident/4.0; .net clr 1.1.4322; .net clr 2.0.50727; tencenttraveler 4.0)访问链接：http://hhh.cool/
记录时间：2017-10-18 21:09:57agent:mozilla/4.0 (compatible; msie 8.0; windows nt 5.1; trident/4.0; .net clr 1.1.4322; .net clr 2.0.50727; tencenttraveler 4.0)访问链接：http://hhh.cool/
记录时间：2017-10-18 21:18:52agent:mozilla/4.0 (compatible; msie 10.0; windows nt 6.1; slcc1; .net clr 2.0.50727; tencenttraveler 4.0)访问链接：http://hhh.cool/
记录时间：2017-10-18 21:19:26agent:mozilla/4.0 (compatible; msie 10.0; windows nt 6.1; slcc1; .net clr 2.0.50727; tencenttraveler 4.0)访问链接：http://hhh.cool/
记录时间：2017-10-18 21:29:41agent:mozilla/5.0 (linux; android 6.0.1; nexus 5x build/mmb29p) applewebkit/537.36 (khtml, like gecko) chrome/41.0.2272.96 mobile safari/537.36 (compatible; googlebot/2.1; +http://www.google.com/bot.html)访问链接：http://www.hhh.cool/
记录时间：2017-10-18 21:31:45agent:mozilla/4.0 (compatible; msie 8.0; windows nt 5.1; trident/4.0; .net clr 1.1.4322; .net clr 2.0.50727; tencenttraveler 4.0)访问链接：http://hhh.cool/
记录时间：2017-10-18 21:39:56agent:mozilla/5.0 (linux; android 6.0.1; nexus 5x build/mmb29p) applewebkit/537.36 (khtml, like gecko) chrome/41.0.2272.96 mobile safari/537.36 (compatible; googlebot/2.1; +http://www.google.com/bot.html)访问链接：http://hhh.cool/
记录时间：2017-10-18 21:44:48agent:mozilla/4.0 (compatible; msie 8.0; windows nt 5.1; trident/4.0; .net clr 1.1.4322; .net clr 2.0.50727; .net clr 3.0.4506.2152; .net clr 3.5.30729; .net4.0c; .net4.0e; tencenttraveler 4.0)访问链接：http://hhh.cool/
记录时间：2017-10-18 22:05:48agent:mozilla/5.0 (compatible; baiduspider/2.0; +http://www.baidu.com/search/spider.html)访问链接：http://hhh.cool/
记录时间：2017-10-18 22:11:40agent:mozilla/4.0 (compatible; msie 6.0; windows nt 5.1; .net clr 1.1.4322; .net clr 2.0.50727; .net clr 3.0.4506.2152; .net clr 3.5.30729; tencenttraveler 4.0)访问链接：http://hhh.cool/
记录时间：2017-10-18 22:11:53agent:mozilla/4.0 (compatible; msie 6.0; windows nt 5.1; .net clr 1.1.4322; .net clr 2.0.50727; .net clr 3.0.4506.2152; .net clr 3.5.30729; tencenttraveler 4.0)访问链接：http://hhh.cool/
记录时间：2017-10-18 22:17:21agent:mozilla/4.0 (compatible; msie 8.0; windows nt 5.1; trident/4.0; .net clr 1.1.4322; .net clr 2.0.50727; tencenttraveler 4.0)访问链接：http://hhh.cool/
记录时间：2017-10-18 22:17:41agent:mozilla/4.0 (compatible; msie 8.0; windows nt 5.1; trident/4.0; .net clr 1.1.4322; .net clr 2.0.50727; tencenttraveler 4.0)访问链接：http://hhh.cool/
记录时间：2017-10-18 22:28:38agent:mozilla/4.0 (compatible; msie 8.0; windows nt 5.1; tencenttraveler 4.0)访问链接：http://hhh.cool/
记录时间：2017-10-18 22:29:12agent:mozilla/4.0 (compatible; msie 8.0; windows nt 5.1; tencenttraveler 4.0)访问链接：http://www.hhh.cool/
记录时间：2017-10-18 22:34:45agent:mozilla/4.0 (compatible; msie 8.0; windows nt 5.1; tencenttraveler 4.0)访问链接：http://hhh.cool/
记录时间：2017-10-18 22:37:30agent:mozilla/4.0 (compatible; msie 6.0; windows nt 5.1; trident/4.0; .net clr 1.1.4322; .net clr 2.0.50727; .net clr 3.0.4506.2152; .net clr 3.5.30729; tencenttraveler 4.0)访问链接：http://hhh.cool/
记录时间：2017-10-18 22:55:43agent:mozilla/5.0 (compatible; googlebot/2.1; +http://www.google.com/bot.html)访问链接：http://www.hhh.cool/
记录时间：2017-10-18 22:59:11agent:mozilla/4.0 (compatible; msie 10.0; windows nt 6.2; tencenttraveler 4.0)访问链接：http://hhh.cool/
记录时间：2017-10-18 23:10:40agent:mozilla/4.0 (compatible; msie 6.0; windows nt 5.1; trident/4.0; infopath.2; tencenttraveler 4.0)访问链接：http://hhh.cool/
记录时间：2017-10-18 23:10:51agent:mozilla/4.0 (compatible; msie 8.0; windows nt 5.1; trident/4.0; .net clr 1.1.4322; .net clr 2.0.50727; .net clr 3.0.4506.2152; .net clr 3.5.30729; .net4.0c; .net4.0e; tencenttraveler 4.0)访问链接：http://hhh.cool/
记录时间：2017-10-18 23:11:49agent:mozilla/4.0 (compatible; msie 7.0; windows nt 5.1; trident/4.0; .net clr 1.1.4322; .net clr 2.0.50727; tencenttraveler 4.0)访问链接：http://hhh.cool/
记录时间：2017-10-18 23:12:08agent:mozilla/4.0 (compatible; msie 7.0; windows nt 5.1; trident/4.0; .net clr 1.1.4322; .net clr 2.0.50727; tencenttraveler 4.0)访问链接：http://hhh.cool/
记录时间：2017-10-18 23:13:48agent:mozilla/4.0 (compatible; msie 8.0; windows nt 5.1; wow64; trident/4.0; slcc2; .net clr 2.0.50727; tencenttraveler 4.0)访问链接：http://hhh.cool/
记录时间：2017-10-18 23:14:22agent:mozilla/4.0 (compatible; msie 8.0; windows nt 5.1; tencenttraveler 4.0)访问链接：http://hhh.cool/
记录时间：2017-10-18 23:14:59agent:mozilla/5.0 (compatible; msie 9.0; windows nt 6.1; wow64; trident/5.0; slcc2; .net clr 2.0.50727; .net clr 3.5.30729; .net clr 3.0.30729; .net4.0c; .net4.0e; tencenttraveler 4.0)访问链接：http://hhh.cool/
记录时间：2017-10-18 23:15:04agent:mozilla/5.0 (compatible; msie 10.0; windows nt 6.1; trident/6.0; slcc2; .net clr 2.0.50727; .net clr 3.5.30729; .net clr 3.0.30729; media center pc 6.0; infopath.2; tencenttraveler 4.0)访问链接：http://hhh.cool/
记录时间：2017-10-18 23:15:20agent:mozilla/4.0 (compatible; msie 8.0; windows nt 5.1; wow64; trident/4.0; tencenttraveler 4.0)访问链接：http://hhh.cool/
记录时间：2017-10-18 23:15:32agent:mozilla/4.0 (compatible; msie 8.0; windows nt 5.1; tencenttraveler 4.0)访问链接：http://hhh.cool/
记录时间：2017-10-18 23:16:50agent:mozilla/4.0 (compatible; msie 6.0; windows nt 5.1; .net clr 1.1.4322; .net clr 2.0.50727; .net clr 3.0.4506.2152; .net clr 3.5.30729; tencenttraveler 4.0)访问链接：http://hhh.cool/
记录时间：2017-10-18 23:16:54agent:mozilla/4.0 (compatible; msie 6.0; windows nt 5.1; .net clr 1.1.4322; .net clr 2.0.50727; .net clr 3.0.4506.2152; .net clr 3.5.30729; tencenttraveler 4.0)访问链接：http://hhh.cool/
记录时间：2017-10-18 23:17:15agent:mozilla/4.0 (compatible; msie 6.0; windows nt 5.1; .net clr 1.1.4322; .net clr 2.0.50727; .net clr 3.0.4506.2152; .net clr 3.5.30729; tencenttraveler 4.0)访问链接：http://hhh.cool/
记录时间：2017-10-18 23:17:46agent:mozilla/4.0 (compatible; msie 6.0; windows nt 5.1; sv1; .net clr 1.1.4322; .net clr 2.0.50727; tencenttraveler 4.0)访问链接：http://hhh.cool/
记录时间：2017-10-18 23:18:12agent:mozilla/4.0 (compatible; msie 6.0; windows nt 5.1; sv1; .net clr 1.1.4322; .net clr 2.0.50727; tencenttraveler 4.0)访问链接：http://hhh.cool/
记录时间：2017-10-18 23:26:18agent:mozilla/4.0 (compatible; msie 6.0; windows nt 5.1; sv1; .net clr 1.1.4322; .net clr 2.0.50727; .net clr 3.0.4506.2152; .net clr 3.5.30729; tencenttraveler 4.0)访问链接：http://hhh.cool/
记录时间：2017-10-18 23:29:55agent:mozilla/4.0 (compatible; msie 6.0; windows nt 5.1; wow64; trident/4.0; slcc2; .net clr 2.0.50727; .net clr 3.5.30729; .net clr 3.0.30729; .net4.0c; .net4.0e; tencenttraveler 4.0)访问链接：http://hhh.cool/
记录时间：2017-10-18 23:31:58agent:mozilla/5.0 (linux; android 6.0.1; nexus 5x build/mmb29p) applewebkit/537.36 (khtml, like gecko) chrome/41.0.2272.96 mobile safari/537.36 (compatible; googlebot/2.1; +http://www.google.com/bot.html)访问链接：http://hhh.cool/
记录时间：2017-10-18 23:37:01agent:mozilla/5.0 (linux; android 6.0.1; nexus 5x build/mmb29p) applewebkit/537.36 (khtml, like gecko) chrome/41.0.2272.96 mobile safari/537.36 (compatible; googlebot/2.1; +http://www.google.com/bot.html)访问链接：http://www.hhh.cool/
记录时间：2017-10-18 23:38:36agent:mozilla/5.0 (compatible; msie 10.0; windows nt 6.1; trident/6.0; slcc2; .net clr 2.0.50727; .net clr 3.5.30729; .net clr 3.0.30729; media center pc 6.0; .net4.0c; .net4.0e; asktb5.5)访问链接：http://hhh.cool/
记录时间：2017-10-18 23:39:16agent:mozilla/5.0 (compatible; msie 10.0; windows nt 6.1; trident/6.0; slcc2; .net clr 2.0.50727; .net clr 3.5.30729; .net clr 3.0.30729; media center pc 6.0; .net4.0c; .net4.0e; asktb5.5)访问链接：http://hhh.cool/
记录时间：2017-10-18 23:45:43agent:mozilla/4.0 (compatible; msie 6.0; windows nt 5.1; trident/4.0; .net clr 1.1.4322; .net clr 2.0.50727; tencenttraveler 4.0)访问链接：http://hhh.cool/
记录时间：2017-10-18 23:46:00agent:mozilla/4.0 (compatible; msie 6.0; windows nt 5.1; trident/4.0; .net clr 1.1.4322; .net clr 2.0.50727; tencenttraveler 4.0)访问链接：http://hhh.cool/
记录时间：2017-10-18 23:53:04agent:mozilla/4.0 (compatible; msie 6.0; windows nt 5.1; trident/4.0; .net clr 1.1.4322; .net clr 2.0.50727; .net clr 3.0.4506.2152; .net clr 3.5.30729; tencenttraveler 4.0)访问链接：http://hhh.cool/
记录时间：2017-10-18 23:56:44agent:mozilla/4.0 (compatible; msie 8.0; windows nt 6.0; trident/4.0; .net clr 1.1.4322; .net clr 2.0.50727; .net clr 3.0.4506.2152; .net clr 3.5.30729; tencenttraveler 4.0)访问链接：http://hhh.cool/
记录时间：2017-10-19 00:03:26agent:mozilla/4.0 (compatible; msie 8.0; windows nt 5.1; sv1; tencenttraveler 4.0)访问链接：http://hhh.cool/
记录时间：2017-10-19 00:04:04agent:mozilla/4.0 (compatible; msie 8.0; windows nt 5.1; sv1; tencenttraveler 4.0)访问链接：http://hhh.cool/
记录时间：2017-10-19 00:26:26agent:mozilla/5.0 (compatible; msie 9.0; windows nt 6.1; trident/5.0; .net clr 2.0.50727; asktb5.6)访问链接：http://hhh.cool/
记录时间：2017-10-19 00:26:50agent:mozilla/5.0 (compatible; msie 9.0; windows nt 6.1; trident/5.0; .net clr 2.0.50727; asktb5.6)访问链接：http://hhh.cool/
记录时间：2017-10-19 00:51:24agent:mozilla/4.0 (compatible; msie 6.0; windows nt 5.1; trident/4.0; .net clr 1.1.4322; .net clr 2.0.50727; tencenttraveler 4.0)访问链接：http://hhh.cool/
记录时间：2017-10-19 00:52:49agent:mozilla/5.0 (linux; android 6.0.1; nexus 5x build/mmb29p) applewebkit/537.36 (khtml, like gecko) chrome/41.0.2272.96 mobile safari/537.36 (compatible; googlebot/2.1; +http://www.google.com/bot.html)访问链接：http://www.hhh.cool/
记录时间：2017-10-19 00:56:28agent:mozilla/4.0 (compatible; msie 8.0; windows nt 5.1; wow64; trident/4.0; .net4.0c; .net4.0e; tencenttraveler 4.0)访问链接：http://hhh.cool/
记录时间：2017-10-19 01:16:04agent:mozilla/4.0 (compatible; msie 5.5; windows nt 5.1; trident/4.0; .net clr 1.1.4322; .net clr 2.0.50727; tencenttraveler 4.0)访问链接：http://hhh.cool/
记录时间：2017-10-19 01:17:28agent:mozilla/4.0 (compatible; msie 6.0; windows nt 5.1; trident/4.0; .net clr 1.1.4322; .net clr 2.0.50727; tencenttraveler 4.0)访问链接：http://hhh.cool/
记录时间：2017-10-19 01:38:53agent:mozilla/5.0 (linux; android 6.0.1; nexus 5x build/mmb29p) applewebkit/537.36 (khtml, like gecko) chrome/41.0.2272.96 mobile safari/537.36 (compatible; googlebot/2.1; +http://www.google.com/bot.html)访问链接：http://hhh.cool/
记录时间：2017-10-19 01:43:53agent:mozilla/5.0 (compatible; googlebot/2.1; +http://www.google.com/bot.html)访问链接：http://www.hhh.cool/
记录时间：2017-10-19 01:59:10agent:mozilla/5.0 (linux; android 6.0.1; nexus 5x build/mmb29p) applewebkit/537.36 (khtml, like gecko) chrome/41.0.2272.96 mobile safari/537.36 (compatible; googlebot/2.1; +http://www.google.com/bot.html)访问链接：http://www.hhh.cool/
记录时间：2017-10-19 02:14:32agent:mozilla/4.0 (compatible; msie 8.0; windows nt 5.1; trident/4.0; .net clr 1.1.4322; .net clr 2.0.50727; tencenttraveler 4.0)访问链接：http://hhh.cool/
记录时间：2017-10-19 02:43:35agent:sogou web spider/4.0(+http://www.sogou.com/docs/help/webmasters.htm#07)访问链接：http://www.hhh.cool/
记录时间：2017-10-19 03:40:43agent:mozilla/5.0 (linux; android 6.0.1; nexus 5x build/mmb29p) applewebkit/537.36 (khtml, like gecko) chrome/41.0.2272.96 mobile safari/537.36 (compatible; googlebot/2.1; +http://www.google.com/bot.html)访问链接：http://www.hhh.cool/
记录时间：2017-10-19 04:41:53agent:mozilla/5.0 (linux; android 6.0.1; nexus 5x build/mmb29p) applewebkit/537.36 (khtml, like gecko) chrome/41.0.2272.96 mobile safari/537.36 (compatible; googlebot/2.1; +http://www.google.com/bot.html)访问链接：http://hhh.cool/
记录时间：2017-10-19 05:02:29agent:mozilla/5.0 (linux; android 6.0.1; nexus 5x build/mmb29p) applewebkit/537.36 (khtml, like gecko) chrome/41.0.2272.96 mobile safari/537.36 (compatible; googlebot/2.1; +http://www.google.com/bot.html)访问链接：http://www.hhh.cool/
记录时间：2017-10-19 05:43:19agent:mozilla/5.0 (linux; android 6.0.1; nexus 5x build/mmb29p) applewebkit/537.36 (khtml, like gecko) chrome/41.0.2272.96 mobile safari/537.36 (compatible; googlebot/2.1; +http://www.google.com/bot.html)访问链接：http://hhh.cool/
记录时间：2017-10-19 05:48:23agent:mozilla/5.0 (compatible; googlebot/2.1; +http://www.google.com/bot.html)访问链接：http://www.hhh.cool/
记录时间：2017-10-19 07:09:25agent:mozilla/5.0 (linux; android 6.0.1; nexus 5x build/mmb29p) applewebkit/537.36 (khtml, like gecko) chrome/41.0.2272.96 mobile safari/537.36 (compatible; googlebot/2.1; +http://www.google.com/bot.html)访问链接：http://hhh.cool/
记录时间：2017-10-19 07:12:51agent:mozilla/4.0 (compatible; msie 6.0; windows nt 5.1; .net clr 1.1.4322; .net clr 2.0.50727; .net clr 3.0.4506.2152; .net clr 3.5.30729; tencenttraveler 4.0)访问链接：http://hhh.cool/
记录时间：2017-10-19 07:13:04agent:mozilla/4.0 (compatible; msie 6.0; windows nt 5.1; .net clr 1.1.4322; .net clr 2.0.50727; .net clr 3.0.4506.2152; .net clr 3.5.30729; tencenttraveler 4.0)访问链接：http://hhh.cool/
记录时间：2017-10-19 07:19:43agent:mozilla/5.0 (compatible; googlebot/2.1; +http://www.google.com/bot.html)访问链接：http://www.hhh.cool/
记录时间：2017-10-19 07:48:45agent:mozilla/4.0 (compatible; msie 8.0; windows nt 6.1; trident/4.0; slcc2; .net clr 2.0.50727; .net clr 3.5.30729; .net clr 3.0.30729; media center pc 6.0; tencenttraveler 4.0)访问链接：http://hhh.cool/
记录时间：2017-10-19 08:15:32agent:mozilla/5.0 (linux; android 6.0.1; nexus 5x build/mmb29p) applewebkit/537.36 (khtml, like gecko) chrome/41.0.2272.96 mobile safari/537.36 (compatible; googlebot/2.1; +http://www.google.com/bot.html)访问链接：http://hhh.cool/
记录时间：2017-10-19 08:21:32agent:mozilla/4.0 (compatible; msie 8.0; windows nt 5.1; trident/4.0; .net clr 1.1.4322; .net clr 2.0.50727; .net clr 3.0.4506.2152; .net clr 3.5.30729; .net4.0c; .net4.0e; tencenttraveler 4.0)访问链接：http://hhh.cool/
记录时间：2017-10-19 08:33:51agent:mozilla/5.0 (compatible; baiduspider/2.0; +http://www.baidu.com/search/spider.html)访问链接：http://hhh.cool/
记录时间：2017-10-19 08:34:20agent:mozilla/4.0 (compatible; msie 7.0; windows nt 5.1; trident/4.0; .net clr 1.1.4322; .net clr 2.0.50727; tencenttraveler 4.0)访问链接：http://hhh.cool/
